{"C:\\KULIAH\\SEMESTER 5 RPL\\PERPRO WEB\\UAS\\cbt-backend\\src\\config\\db.js": {"path":"C:\\KULIAH\\SEMESTER 5 RPL\\PERPRO WEB\\UAS\\cbt-backend\\src\\config\\db.js","statementMap":{"0":{"start":{"line":1,"column":25},"end":{"line":1,"column":50}},"1":{"start":{"line":2,"column":15},"end":{"line":2,"column":33}},"2":{"start":{"line":4,"column":0},"end":{"line":4,"column":24}}},"fnMap":{},"branchMap":{},"s":{"0":6,"1":6,"2":6},"f":{},"b":{},"_coverageSchema":"1a1c01bbd47fc00a2c39e90264f33305004495a9","hash":"5648102fd153fe57ff83d7bf1fc098c1b71ccbdd"}
,"C:\\KULIAH\\SEMESTER 5 RPL\\PERPRO WEB\\UAS\\cbt-backend\\src\\controllers\\authController.js": {"path":"C:\\KULIAH\\SEMESTER 5 RPL\\PERPRO WEB\\UAS\\cbt-backend\\src\\controllers\\authController.js","statementMap":{"0":{"start":{"line":1,"column":15},"end":{"line":1,"column":38}},"1":{"start":{"line":2,"column":15},"end":{"line":2,"column":34}},"2":{"start":{"line":3,"column":12},"end":{"line":3,"column":35}},"3":{"start":{"line":5,"column":17},"end":{"line":55,"column":1}},"4":{"start":{"line":6,"column":70},"end":{"line":6,"column":78}},"5":{"start":{"line":8,"column":2},"end":{"line":54,"column":3}},"6":{"start":{"line":9,"column":27},"end":{"line":9,"column":58}},"7":{"start":{"line":11,"column":19},"end":{"line":45,"column":6}},"8":{"start":{"line":12,"column":22},"end":{"line":18,"column":8}},"9":{"start":{"line":20,"column":6},"end":{"line":42,"column":7}},"10":{"start":{"line":21,"column":8},"end":{"line":27,"column":11}},"11":{"start":{"line":28,"column":13},"end":{"line":42,"column":7}},"12":{"start":{"line":29,"column":8},"end":{"line":34,"column":11}},"13":{"start":{"line":35,"column":13},"end":{"line":42,"column":7}},"14":{"start":{"line":36,"column":8},"end":{"line":41,"column":11}},"15":{"start":{"line":44,"column":6},"end":{"line":44,"column":21}},"16":{"start":{"line":47,"column":4},"end":{"line":47,"column":86}},"17":{"start":{"line":50,"column":4},"end":{"line":52,"column":5}},"18":{"start":{"line":51,"column":8},"end":{"line":51,"column":75}},"19":{"start":{"line":53,"column":4},"end":{"line":53,"column":51}},"20":{"start":{"line":57,"column":14},"end":{"line":101,"column":1}},"21":{"start":{"line":58,"column":33},"end":{"line":58,"column":41}},"22":{"start":{"line":60,"column":2},"end":{"line":100,"column":3}},"23":{"start":{"line":61,"column":17},"end":{"line":68,"column":6}},"24":{"start":{"line":70,"column":4},"end":{"line":70,"column":78}},"25":{"start":{"line":70,"column":15},"end":{"line":70,"column":78}},"26":{"start":{"line":72,"column":26},"end":{"line":72,"column":71}},"27":{"start":{"line":73,"column":4},"end":{"line":73,"column":81}},"28":{"start":{"line":73,"column":24},"end":{"line":73,"column":81}},"29":{"start":{"line":75,"column":4},"end":{"line":75,"column":89}},"30":{"start":{"line":75,"column":28},"end":{"line":75,"column":89}},"31":{"start":{"line":77,"column":22},"end":{"line":77,"column":26}},"32":{"start":{"line":78,"column":4},"end":{"line":80,"column":61}},"33":{"start":{"line":78,"column":31},"end":{"line":78,"column":56}},"34":{"start":{"line":79,"column":9},"end":{"line":80,"column":61}},"35":{"start":{"line":79,"column":35},"end":{"line":79,"column":59}},"36":{"start":{"line":80,"column":9},"end":{"line":80,"column":61}},"37":{"start":{"line":80,"column":36},"end":{"line":80,"column":61}},"38":{"start":{"line":82,"column":18},"end":{"line":86,"column":5}},"39":{"start":{"line":88,"column":4},"end":{"line":96,"column":7}},"40":{"start":{"line":99,"column":4},"end":{"line":99,"column":51}},"41":{"start":{"line":103,"column":0},"end":{"line":103,"column":37}}},"fnMap":{"0":{"name":"(anonymous_0)","decl":{"start":{"line":5,"column":17},"end":{"line":5,"column":18}},"loc":{"start":{"line":5,"column":37},"end":{"line":55,"column":1}},"line":5},"1":{"name":"(anonymous_1)","decl":{"start":{"line":11,"column":45},"end":{"line":11,"column":46}},"loc":{"start":{"line":11,"column":59},"end":{"line":45,"column":5}},"line":11},"2":{"name":"(anonymous_2)","decl":{"start":{"line":57,"column":14},"end":{"line":57,"column":15}},"loc":{"start":{"line":57,"column":34},"end":{"line":101,"column":1}},"line":57}},"branchMap":{"0":{"loc":{"start":{"line":20,"column":6},"end":{"line":42,"column":7}},"type":"if","locations":[{"start":{"line":20,"column":6},"end":{"line":42,"column":7}},{"start":{"line":28,"column":13},"end":{"line":42,"column":7}}],"line":20},"1":{"loc":{"start":{"line":28,"column":13},"end":{"line":42,"column":7}},"type":"if","locations":[{"start":{"line":28,"column":13},"end":{"line":42,"column":7}},{"start":{"line":35,"column":13},"end":{"line":42,"column":7}}],"line":28},"2":{"loc":{"start":{"line":35,"column":13},"end":{"line":42,"column":7}},"type":"if","locations":[{"start":{"line":35,"column":13},"end":{"line":42,"column":7}},{"start":{},"end":{}}],"line":35},"3":{"loc":{"start":{"line":50,"column":4},"end":{"line":52,"column":5}},"type":"if","locations":[{"start":{"line":50,"column":4},"end":{"line":52,"column":5}},{"start":{},"end":{}}],"line":50},"4":{"loc":{"start":{"line":70,"column":4},"end":{"line":70,"column":78}},"type":"if","locations":[{"start":{"line":70,"column":4},"end":{"line":70,"column":78}},{"start":{},"end":{}}],"line":70},"5":{"loc":{"start":{"line":73,"column":4},"end":{"line":73,"column":81}},"type":"if","locations":[{"start":{"line":73,"column":4},"end":{"line":73,"column":81}},{"start":{},"end":{}}],"line":73},"6":{"loc":{"start":{"line":75,"column":4},"end":{"line":75,"column":89}},"type":"if","locations":[{"start":{"line":75,"column":4},"end":{"line":75,"column":89}},{"start":{},"end":{}}],"line":75},"7":{"loc":{"start":{"line":78,"column":4},"end":{"line":80,"column":61}},"type":"if","locations":[{"start":{"line":78,"column":4},"end":{"line":80,"column":61}},{"start":{"line":79,"column":9},"end":{"line":80,"column":61}}],"line":78},"8":{"loc":{"start":{"line":79,"column":9},"end":{"line":80,"column":61}},"type":"if","locations":[{"start":{"line":79,"column":9},"end":{"line":80,"column":61}},{"start":{"line":80,"column":9},"end":{"line":80,"column":61}}],"line":79},"9":{"loc":{"start":{"line":80,"column":9},"end":{"line":80,"column":61}},"type":"if","locations":[{"start":{"line":80,"column":9},"end":{"line":80,"column":61}},{"start":{},"end":{}}],"line":80}},"s":{"0":3,"1":3,"2":3,"3":3,"4":35,"5":35,"6":35,"7":35,"8":35,"9":34,"10":11,"11":23,"12":11,"13":12,"14":12,"15":34,"16":34,"17":1,"18":1,"19":0,"20":3,"21":9,"22":9,"23":9,"24":9,"25":1,"26":8,"27":8,"28":1,"29":7,"30":1,"31":6,"32":6,"33":2,"34":4,"35":2,"36":2,"37":2,"38":6,"39":6,"40":0,"41":3},"f":{"0":35,"1":35,"2":9},"b":{"0":[11,23],"1":[11,12],"2":[12,0],"3":[1,0],"4":[1,8],"5":[1,7],"6":[1,6],"7":[2,4],"8":[2,2],"9":[2,0]},"_coverageSchema":"1a1c01bbd47fc00a2c39e90264f33305004495a9","hash":"52f4e5fcabf395ea77bc9e42f09654968b696c14"}
,"C:\\KULIAH\\SEMESTER 5 RPL\\PERPRO WEB\\UAS\\cbt-backend\\src\\controllers\\siswaController.js": {"path":"C:\\KULIAH\\SEMESTER 5 RPL\\PERPRO WEB\\UAS\\cbt-backend\\src\\controllers\\siswaController.js","statementMap":{"0":{"start":{"line":1,"column":15},"end":{"line":1,"column":38}},"1":{"start":{"line":4,"column":20},"end":{"line":24,"column":1}},"2":{"start":{"line":5,"column":19},"end":{"line":5,"column":30}},"3":{"start":{"line":7,"column":2},"end":{"line":23,"column":3}},"4":{"start":{"line":8,"column":18},"end":{"line":8,"column":80}},"5":{"start":{"line":9,"column":4},"end":{"line":9,"column":80}},"6":{"start":{"line":9,"column":16},"end":{"line":9,"column":80}},"7":{"start":{"line":11,"column":26},"end":{"line":18,"column":6}},"8":{"start":{"line":20,"column":4},"end":{"line":20,"column":40}},"9":{"start":{"line":22,"column":4},"end":{"line":22,"column":51}},"10":{"start":{"line":27,"column":19},"end":{"line":90,"column":1}},"11":{"start":{"line":28,"column":31},"end":{"line":28,"column":39}},"12":{"start":{"line":29,"column":19},"end":{"line":29,"column":30}},"13":{"start":{"line":31,"column":2},"end":{"line":89,"column":3}},"14":{"start":{"line":32,"column":18},"end":{"line":32,"column":80}},"15":{"start":{"line":33,"column":4},"end":{"line":33,"column":80}},"16":{"start":{"line":33,"column":16},"end":{"line":33,"column":80}},"17":{"start":{"line":35,"column":25},"end":{"line":41,"column":6}},"18":{"start":{"line":43,"column":4},"end":{"line":43,"column":87}},"19":{"start":{"line":43,"column":23},"end":{"line":43,"column":87}},"20":{"start":{"line":46,"column":4},"end":{"line":48,"column":5}},"21":{"start":{"line":47,"column":6},"end":{"line":47,"column":81}},"22":{"start":{"line":51,"column":16},"end":{"line":51,"column":26}},"23":{"start":{"line":52,"column":4},"end":{"line":54,"column":5}},"24":{"start":{"line":53,"column":6},"end":{"line":53,"column":68}},"25":{"start":{"line":55,"column":4},"end":{"line":57,"column":5}},"26":{"start":{"line":56,"column":6},"end":{"line":56,"column":69}},"27":{"start":{"line":60,"column":20},"end":{"line":80,"column":6}},"28":{"start":{"line":82,"column":4},"end":{"line":86,"column":7}},"29":{"start":{"line":88,"column":4},"end":{"line":88,"column":51}},"30":{"start":{"line":93,"column":22},"end":{"line":167,"column":1}},"31":{"start":{"line":94,"column":81},"end":{"line":94,"column":89}},"32":{"start":{"line":95,"column":19},"end":{"line":95,"column":30}},"33":{"start":{"line":97,"column":2},"end":{"line":166,"column":3}},"34":{"start":{"line":98,"column":18},"end":{"line":98,"column":80}},"35":{"start":{"line":99,"column":4},"end":{"line":99,"column":80}},"36":{"start":{"line":99,"column":16},"end":{"line":99,"column":80}},"37":{"start":{"line":102,"column":25},"end":{"line":108,"column":6}},"38":{"start":{"line":110,"column":4},"end":{"line":112,"column":5}},"39":{"start":{"line":111,"column":6},"end":{"line":111,"column":78}},"40":{"start":{"line":115,"column":17},"end":{"line":118,"column":6}},"41":{"start":{"line":120,"column":4},"end":{"line":120,"column":78}},"42":{"start":{"line":120,"column":15},"end":{"line":120,"column":78}},"43":{"start":{"line":122,"column":21},"end":{"line":122,"column":25}},"44":{"start":{"line":123,"column":23},"end":{"line":123,"column":27}},"45":{"start":{"line":126,"column":4},"end":{"line":134,"column":5}},"46":{"start":{"line":127,"column":22},"end":{"line":127,"column":53}},"47":{"start":{"line":128,"column":26},"end":{"line":128,"column":65}},"48":{"start":{"line":128,"column":54},"end":{"line":128,"column":64}},"49":{"start":{"line":129,"column":6},"end":{"line":129,"column":92}},"50":{"start":{"line":130,"column":11},"end":{"line":134,"column":5}},"51":{"start":{"line":131,"column":22},"end":{"line":131,"column":65}},"52":{"start":{"line":132,"column":29},"end":{"line":132,"column":98}},"53":{"start":{"line":132,"column":59},"end":{"line":132,"column":69}},"54":{"start":{"line":132,"column":80},"end":{"line":132,"column":97}},"55":{"start":{"line":133,"column":6},"end":{"line":133,"column":92}},"56":{"start":{"line":137,"column":28},"end":{"line":139,"column":6}},"57":{"start":{"line":142,"column":4},"end":{"line":161,"column":5}},"58":{"start":{"line":143,"column":6},"end":{"line":150,"column":9}},"59":{"start":{"line":152,"column":6},"end":{"line":160,"column":9}},"60":{"start":{"line":163,"column":4},"end":{"line":163,"column":64}},"61":{"start":{"line":165,"column":4},"end":{"line":165,"column":51}},"62":{"start":{"line":170,"column":20},"end":{"line":203,"column":1}},"63":{"start":{"line":171,"column":31},"end":{"line":171,"column":39}},"64":{"start":{"line":172,"column":19},"end":{"line":172,"column":30}},"65":{"start":{"line":174,"column":2},"end":{"line":202,"column":3}},"66":{"start":{"line":175,"column":18},"end":{"line":175,"column":80}},"67":{"start":{"line":176,"column":4},"end":{"line":176,"column":80}},"68":{"start":{"line":176,"column":16},"end":{"line":176,"column":80}},"69":{"start":{"line":178,"column":25},"end":{"line":184,"column":6}},"70":{"start":{"line":186,"column":4},"end":{"line":188,"column":5}},"71":{"start":{"line":187,"column":6},"end":{"line":187,"column":78}},"72":{"start":{"line":191,"column":4},"end":{"line":197,"column":7}},"73":{"start":{"line":199,"column":4},"end":{"line":199,"column":74}},"74":{"start":{"line":201,"column":4},"end":{"line":201,"column":51}},"75":{"start":{"line":206,"column":22},"end":{"line":243,"column":1}},"76":{"start":{"line":207,"column":31},"end":{"line":207,"column":41}},"77":{"start":{"line":208,"column":19},"end":{"line":208,"column":30}},"78":{"start":{"line":210,"column":2},"end":{"line":242,"column":3}},"79":{"start":{"line":211,"column":18},"end":{"line":211,"column":80}},"80":{"start":{"line":212,"column":4},"end":{"line":212,"column":80}},"81":{"start":{"line":212,"column":16},"end":{"line":212,"column":80}},"82":{"start":{"line":214,"column":23},"end":{"line":233,"column":6}},"83":{"start":{"line":235,"column":4},"end":{"line":237,"column":5}},"84":{"start":{"line":236,"column":6},"end":{"line":236,"column":75}},"85":{"start":{"line":239,"column":4},"end":{"line":239,"column":29}},"86":{"start":{"line":241,"column":4},"end":{"line":241,"column":51}},"87":{"start":{"line":245,"column":0},"end":{"line":251,"column":2}}},"fnMap":{"0":{"name":"(anonymous_0)","decl":{"start":{"line":4,"column":20},"end":{"line":4,"column":21}},"loc":{"start":{"line":4,"column":40},"end":{"line":24,"column":1}},"line":4},"1":{"name":"(anonymous_1)","decl":{"start":{"line":27,"column":19},"end":{"line":27,"column":20}},"loc":{"start":{"line":27,"column":39},"end":{"line":90,"column":1}},"line":27},"2":{"name":"(anonymous_2)","decl":{"start":{"line":93,"column":22},"end":{"line":93,"column":23}},"loc":{"start":{"line":93,"column":42},"end":{"line":167,"column":1}},"line":93},"3":{"name":"(anonymous_3)","decl":{"start":{"line":128,"column":49},"end":{"line":128,"column":50}},"loc":{"start":{"line":128,"column":54},"end":{"line":128,"column":64}},"line":128},"4":{"name":"(anonymous_4)","decl":{"start":{"line":132,"column":54},"end":{"line":132,"column":55}},"loc":{"start":{"line":132,"column":59},"end":{"line":132,"column":69}},"line":132},"5":{"name":"(anonymous_5)","decl":{"start":{"line":132,"column":75},"end":{"line":132,"column":76}},"loc":{"start":{"line":132,"column":80},"end":{"line":132,"column":97}},"line":132},"6":{"name":"(anonymous_6)","decl":{"start":{"line":170,"column":20},"end":{"line":170,"column":21}},"loc":{"start":{"line":170,"column":40},"end":{"line":203,"column":1}},"line":170},"7":{"name":"(anonymous_7)","decl":{"start":{"line":206,"column":22},"end":{"line":206,"column":23}},"loc":{"start":{"line":206,"column":42},"end":{"line":243,"column":1}},"line":206}},"branchMap":{"0":{"loc":{"start":{"line":9,"column":4},"end":{"line":9,"column":80}},"type":"if","locations":[{"start":{"line":9,"column":4},"end":{"line":9,"column":80}},{"start":{},"end":{}}],"line":9},"1":{"loc":{"start":{"line":33,"column":4},"end":{"line":33,"column":80}},"type":"if","locations":[{"start":{"line":33,"column":4},"end":{"line":33,"column":80}},{"start":{},"end":{}}],"line":33},"2":{"loc":{"start":{"line":43,"column":4},"end":{"line":43,"column":87}},"type":"if","locations":[{"start":{"line":43,"column":4},"end":{"line":43,"column":87}},{"start":{},"end":{}}],"line":43},"3":{"loc":{"start":{"line":46,"column":4},"end":{"line":48,"column":5}},"type":"if","locations":[{"start":{"line":46,"column":4},"end":{"line":48,"column":5}},{"start":{},"end":{}}],"line":46},"4":{"loc":{"start":{"line":52,"column":4},"end":{"line":54,"column":5}},"type":"if","locations":[{"start":{"line":52,"column":4},"end":{"line":54,"column":5}},{"start":{},"end":{}}],"line":52},"5":{"loc":{"start":{"line":55,"column":4},"end":{"line":57,"column":5}},"type":"if","locations":[{"start":{"line":55,"column":4},"end":{"line":57,"column":5}},{"start":{},"end":{}}],"line":55},"6":{"loc":{"start":{"line":99,"column":4},"end":{"line":99,"column":80}},"type":"if","locations":[{"start":{"line":99,"column":4},"end":{"line":99,"column":80}},{"start":{},"end":{}}],"line":99},"7":{"loc":{"start":{"line":110,"column":4},"end":{"line":112,"column":5}},"type":"if","locations":[{"start":{"line":110,"column":4},"end":{"line":112,"column":5}},{"start":{},"end":{}}],"line":110},"8":{"loc":{"start":{"line":120,"column":4},"end":{"line":120,"column":78}},"type":"if","locations":[{"start":{"line":120,"column":4},"end":{"line":120,"column":78}},{"start":{},"end":{}}],"line":120},"9":{"loc":{"start":{"line":126,"column":4},"end":{"line":134,"column":5}},"type":"if","locations":[{"start":{"line":126,"column":4},"end":{"line":134,"column":5}},{"start":{"line":130,"column":11},"end":{"line":134,"column":5}}],"line":126},"10":{"loc":{"start":{"line":126,"column":8},"end":{"line":126,"column":72}},"type":"binary-expr","locations":[{"start":{"line":126,"column":8},"end":{"line":126,"column":49}},{"start":{"line":126,"column":53},"end":{"line":126,"column":72}}],"line":126},"11":{"loc":{"start":{"line":129,"column":19},"end":{"line":129,"column":91}},"type":"binary-expr","locations":[{"start":{"line":129,"column":19},"end":{"line":129,"column":30}},{"start":{"line":129,"column":34},"end":{"line":129,"column":91}}],"line":129},"12":{"loc":{"start":{"line":130,"column":11},"end":{"line":134,"column":5}},"type":"if","locations":[{"start":{"line":130,"column":11},"end":{"line":134,"column":5}},{"start":{},"end":{}}],"line":130},"13":{"loc":{"start":{"line":130,"column":15},"end":{"line":130,"column":81}},"type":"binary-expr","locations":[{"start":{"line":130,"column":15},"end":{"line":130,"column":58}},{"start":{"line":130,"column":62},"end":{"line":130,"column":81}}],"line":130},"14":{"loc":{"start":{"line":142,"column":4},"end":{"line":161,"column":5}},"type":"if","locations":[{"start":{"line":142,"column":4},"end":{"line":161,"column":5}},{"start":{"line":151,"column":11},"end":{"line":161,"column":5}}],"line":142},"15":{"loc":{"start":{"line":146,"column":30},"end":{"line":146,"column":56}},"type":"binary-expr","locations":[{"start":{"line":146,"column":30},"end":{"line":146,"column":48}},{"start":{"line":146,"column":52},"end":{"line":146,"column":56}}],"line":146},"16":{"loc":{"start":{"line":147,"column":31},"end":{"line":147,"column":58}},"type":"binary-expr","locations":[{"start":{"line":147,"column":31},"end":{"line":147,"column":50}},{"start":{"line":147,"column":54},"end":{"line":147,"column":58}}],"line":147},"17":{"loc":{"start":{"line":156,"column":30},"end":{"line":156,"column":56}},"type":"binary-expr","locations":[{"start":{"line":156,"column":30},"end":{"line":156,"column":48}},{"start":{"line":156,"column":52},"end":{"line":156,"column":56}}],"line":156},"18":{"loc":{"start":{"line":157,"column":31},"end":{"line":157,"column":58}},"type":"binary-expr","locations":[{"start":{"line":157,"column":31},"end":{"line":157,"column":50}},{"start":{"line":157,"column":54},"end":{"line":157,"column":58}}],"line":157},"19":{"loc":{"start":{"line":176,"column":4},"end":{"line":176,"column":80}},"type":"if","locations":[{"start":{"line":176,"column":4},"end":{"line":176,"column":80}},{"start":{},"end":{}}],"line":176},"20":{"loc":{"start":{"line":186,"column":4},"end":{"line":188,"column":5}},"type":"if","locations":[{"start":{"line":186,"column":4},"end":{"line":188,"column":5}},{"start":{},"end":{}}],"line":186},"21":{"loc":{"start":{"line":212,"column":4},"end":{"line":212,"column":80}},"type":"if","locations":[{"start":{"line":212,"column":4},"end":{"line":212,"column":80}},{"start":{},"end":{}}],"line":212},"22":{"loc":{"start":{"line":235,"column":4},"end":{"line":237,"column":5}},"type":"if","locations":[{"start":{"line":235,"column":4},"end":{"line":237,"column":5}},{"start":{},"end":{}}],"line":235}},"s":{"0":2,"1":2,"2":2,"3":2,"4":2,"5":2,"6":0,"7":2,"8":2,"9":0,"10":2,"11":4,"12":4,"13":4,"14":4,"15":4,"16":0,"17":4,"18":4,"19":0,"20":4,"21":1,"22":3,"23":3,"24":0,"25":3,"26":0,"27":3,"28":3,"29":0,"30":2,"31":7,"32":7,"33":7,"34":7,"35":7,"36":0,"37":7,"38":7,"39":0,"40":7,"41":7,"42":0,"43":7,"44":7,"45":7,"46":5,"47":3,"48":6,"49":3,"50":2,"51":0,"52":0,"53":0,"54":0,"55":0,"56":5,"57":5,"58":0,"59":5,"60":5,"61":2,"62":2,"63":3,"64":3,"65":3,"66":3,"67":3,"68":0,"69":3,"70":3,"71":1,"72":2,"73":2,"74":0,"75":2,"76":3,"77":3,"78":3,"79":3,"80":3,"81":0,"82":3,"83":3,"84":1,"85":2,"86":0,"87":2},"f":{"0":2,"1":4,"2":7,"3":6,"4":0,"5":0,"6":3,"7":3},"b":{"0":[0,2],"1":[0,4],"2":[0,4],"3":[1,3],"4":[0,3],"5":[0,3],"6":[0,7],"7":[0,7],"8":[0,7],"9":[5,2],"10":[7,5],"11":[3,3],"12":[0,2],"13":[2,0],"14":[0,5],"15":[0,0],"16":[0,0],"17":[5,3],"18":[5,2],"19":[0,3],"20":[1,2],"21":[0,3],"22":[1,2]},"_coverageSchema":"1a1c01bbd47fc00a2c39e90264f33305004495a9","hash":"5554cc2fb8685b7349778f251fb61df1055c46b0"}
,"C:\\KULIAH\\SEMESTER 5 RPL\\PERPRO WEB\\UAS\\cbt-backend\\src\\controllers\\soalController.js": {"path":"C:\\KULIAH\\SEMESTER 5 RPL\\PERPRO WEB\\UAS\\cbt-backend\\src\\controllers\\soalController.js","statementMap":{"0":{"start":{"line":1,"column":15},"end":{"line":1,"column":38}},"1":{"start":{"line":4,"column":19},"end":{"line":47,"column":1}},"2":{"start":{"line":5,"column":113},"end":{"line":5,"column":121}},"3":{"start":{"line":6,"column":18},"end":{"line":6,"column":29}},"4":{"start":{"line":8,"column":2},"end":{"line":46,"column":3}},"5":{"start":{"line":10,"column":17},"end":{"line":10,"column":77}},"6":{"start":{"line":11,"column":4},"end":{"line":11,"column":78}},"7":{"start":{"line":11,"column":15},"end":{"line":11,"column":78}},"8":{"start":{"line":13,"column":19},"end":{"line":41,"column":6}},"9":{"start":{"line":15,"column":19},"end":{"line":26,"column":8}},"10":{"start":{"line":29,"column":6},"end":{"line":38,"column":7}},"11":{"start":{"line":30,"column":8},"end":{"line":37,"column":11}},"12":{"start":{"line":31,"column":42},"end":{"line":36,"column":11}},"13":{"start":{"line":40,"column":6},"end":{"line":40,"column":18}},"14":{"start":{"line":43,"column":4},"end":{"line":43,"column":87}},"15":{"start":{"line":45,"column":4},"end":{"line":45,"column":51}},"16":{"start":{"line":50,"column":17},"end":{"line":76,"column":1}},"17":{"start":{"line":51,"column":58},"end":{"line":51,"column":67}},"18":{"start":{"line":52,"column":18},"end":{"line":52,"column":29}},"19":{"start":{"line":54,"column":2},"end":{"line":75,"column":3}},"20":{"start":{"line":55,"column":17},"end":{"line":55,"column":77}},"21":{"start":{"line":56,"column":4},"end":{"line":56,"column":78}},"22":{"start":{"line":56,"column":15},"end":{"line":56,"column":78}},"23":{"start":{"line":58,"column":20},"end":{"line":58,"column":45}},"24":{"start":{"line":59,"column":4},"end":{"line":59,"column":64}},"25":{"start":{"line":59,"column":24},"end":{"line":59,"column":64}},"26":{"start":{"line":60,"column":4},"end":{"line":60,"column":43}},"27":{"start":{"line":60,"column":17},"end":{"line":60,"column":43}},"28":{"start":{"line":61,"column":4},"end":{"line":61,"column":43}},"29":{"start":{"line":61,"column":17},"end":{"line":61,"column":43}},"30":{"start":{"line":62,"column":4},"end":{"line":62,"column":49}},"31":{"start":{"line":62,"column":19},"end":{"line":62,"column":49}},"32":{"start":{"line":64,"column":18},"end":{"line":70,"column":6}},"33":{"start":{"line":72,"column":4},"end":{"line":72,"column":24}},"34":{"start":{"line":74,"column":4},"end":{"line":74,"column":51}},"35":{"start":{"line":79,"column":20},"end":{"line":94,"column":1}},"36":{"start":{"line":80,"column":17},"end":{"line":80,"column":27}},"37":{"start":{"line":82,"column":2},"end":{"line":93,"column":3}},"38":{"start":{"line":83,"column":17},"end":{"line":86,"column":6}},"39":{"start":{"line":88,"column":4},"end":{"line":88,"column":78}},"40":{"start":{"line":88,"column":15},"end":{"line":88,"column":78}},"41":{"start":{"line":90,"column":4},"end":{"line":90,"column":23}},"42":{"start":{"line":92,"column":4},"end":{"line":92,"column":51}},"43":{"start":{"line":97,"column":19},"end":{"line":149,"column":1}},"44":{"start":{"line":98,"column":17},"end":{"line":98,"column":27}},"45":{"start":{"line":99,"column":102},"end":{"line":99,"column":110}},"46":{"start":{"line":100,"column":18},"end":{"line":100,"column":29}},"47":{"start":{"line":102,"column":2},"end":{"line":148,"column":3}},"48":{"start":{"line":103,"column":17},"end":{"line":103,"column":77}},"49":{"start":{"line":104,"column":4},"end":{"line":104,"column":78}},"50":{"start":{"line":104,"column":15},"end":{"line":104,"column":78}},"51":{"start":{"line":107,"column":17},"end":{"line":109,"column":6}},"52":{"start":{"line":110,"column":4},"end":{"line":110,"column":100}},"53":{"start":{"line":110,"column":15},"end":{"line":110,"column":100}},"54":{"start":{"line":112,"column":19},"end":{"line":143,"column":6}},"55":{"start":{"line":114,"column":26},"end":{"line":124,"column":8}},"56":{"start":{"line":127,"column":6},"end":{"line":140,"column":7}},"57":{"start":{"line":129,"column":8},"end":{"line":129,"column":78}},"58":{"start":{"line":132,"column":8},"end":{"line":139,"column":11}},"59":{"start":{"line":133,"column":42},"end":{"line":138,"column":11}},"60":{"start":{"line":142,"column":6},"end":{"line":142,"column":25}},"61":{"start":{"line":145,"column":4},"end":{"line":145,"column":66}},"62":{"start":{"line":147,"column":4},"end":{"line":147,"column":51}},"63":{"start":{"line":152,"column":19},"end":{"line":172,"column":1}},"64":{"start":{"line":153,"column":17},"end":{"line":153,"column":27}},"65":{"start":{"line":154,"column":18},"end":{"line":154,"column":29}},"66":{"start":{"line":156,"column":2},"end":{"line":171,"column":3}},"67":{"start":{"line":157,"column":17},"end":{"line":157,"column":77}},"68":{"start":{"line":158,"column":4},"end":{"line":158,"column":78}},"69":{"start":{"line":158,"column":15},"end":{"line":158,"column":78}},"70":{"start":{"line":161,"column":17},"end":{"line":163,"column":6}},"71":{"start":{"line":164,"column":4},"end":{"line":164,"column":100}},"72":{"start":{"line":164,"column":15},"end":{"line":164,"column":100}},"73":{"start":{"line":166,"column":4},"end":{"line":166,"column":67}},"74":{"start":{"line":168,"column":4},"end":{"line":168,"column":51}},"75":{"start":{"line":170,"column":4},"end":{"line":170,"column":51}},"76":{"start":{"line":174,"column":0},"end":{"line":174,"column":79}}},"fnMap":{"0":{"name":"(anonymous_0)","decl":{"start":{"line":4,"column":19},"end":{"line":4,"column":20}},"loc":{"start":{"line":4,"column":39},"end":{"line":47,"column":1}},"line":4},"1":{"name":"(anonymous_1)","decl":{"start":{"line":13,"column":45},"end":{"line":13,"column":46}},"loc":{"start":{"line":13,"column":59},"end":{"line":41,"column":5}},"line":13},"2":{"name":"(anonymous_2)","decl":{"start":{"line":31,"column":33},"end":{"line":31,"column":34}},"loc":{"start":{"line":31,"column":42},"end":{"line":36,"column":11}},"line":31},"3":{"name":"(anonymous_3)","decl":{"start":{"line":50,"column":17},"end":{"line":50,"column":18}},"loc":{"start":{"line":50,"column":37},"end":{"line":76,"column":1}},"line":50},"4":{"name":"(anonymous_4)","decl":{"start":{"line":79,"column":20},"end":{"line":79,"column":21}},"loc":{"start":{"line":79,"column":40},"end":{"line":94,"column":1}},"line":79},"5":{"name":"(anonymous_5)","decl":{"start":{"line":97,"column":19},"end":{"line":97,"column":20}},"loc":{"start":{"line":97,"column":39},"end":{"line":149,"column":1}},"line":97},"6":{"name":"(anonymous_6)","decl":{"start":{"line":112,"column":45},"end":{"line":112,"column":46}},"loc":{"start":{"line":112,"column":59},"end":{"line":143,"column":5}},"line":112},"7":{"name":"(anonymous_7)","decl":{"start":{"line":133,"column":33},"end":{"line":133,"column":34}},"loc":{"start":{"line":133,"column":42},"end":{"line":138,"column":11}},"line":133},"8":{"name":"(anonymous_8)","decl":{"start":{"line":152,"column":19},"end":{"line":152,"column":20}},"loc":{"start":{"line":152,"column":39},"end":{"line":172,"column":1}},"line":152}},"branchMap":{"0":{"loc":{"start":{"line":11,"column":4},"end":{"line":11,"column":78}},"type":"if","locations":[{"start":{"line":11,"column":4},"end":{"line":11,"column":78}},{"start":{},"end":{}}],"line":11},"1":{"loc":{"start":{"line":21,"column":19},"end":{"line":21,"column":34}},"type":"binary-expr","locations":[{"start":{"line":21,"column":19},"end":{"line":21,"column":26}},{"start":{"line":21,"column":30},"end":{"line":21,"column":34}}],"line":21},"2":{"loc":{"start":{"line":22,"column":23},"end":{"line":22,"column":42}},"type":"binary-expr","locations":[{"start":{"line":22,"column":23},"end":{"line":22,"column":34}},{"start":{"line":22,"column":38},"end":{"line":22,"column":42}}],"line":22},"3":{"loc":{"start":{"line":23,"column":27},"end":{"line":23,"column":50}},"type":"binary-expr","locations":[{"start":{"line":23,"column":27},"end":{"line":23,"column":42}},{"start":{"line":23,"column":46},"end":{"line":23,"column":50}}],"line":23},"4":{"loc":{"start":{"line":29,"column":6},"end":{"line":38,"column":7}},"type":"if","locations":[{"start":{"line":29,"column":6},"end":{"line":38,"column":7}},{"start":{},"end":{}}],"line":29},"5":{"loc":{"start":{"line":29,"column":10},"end":{"line":29,"column":74}},"type":"binary-expr","locations":[{"start":{"line":29,"column":10},"end":{"line":29,"column":31}},{"start":{"line":29,"column":35},"end":{"line":29,"column":47}},{"start":{"line":29,"column":51},"end":{"line":29,"column":74}}],"line":29},"6":{"loc":{"start":{"line":35,"column":22},"end":{"line":35,"column":44}},"type":"binary-expr","locations":[{"start":{"line":35,"column":22},"end":{"line":35,"column":35}},{"start":{"line":35,"column":39},"end":{"line":35,"column":44}}],"line":35},"7":{"loc":{"start":{"line":56,"column":4},"end":{"line":56,"column":78}},"type":"if","locations":[{"start":{"line":56,"column":4},"end":{"line":56,"column":78}},{"start":{},"end":{}}],"line":56},"8":{"loc":{"start":{"line":59,"column":4},"end":{"line":59,"column":64}},"type":"if","locations":[{"start":{"line":59,"column":4},"end":{"line":59,"column":64}},{"start":{},"end":{}}],"line":59},"9":{"loc":{"start":{"line":60,"column":4},"end":{"line":60,"column":43}},"type":"if","locations":[{"start":{"line":60,"column":4},"end":{"line":60,"column":43}},{"start":{},"end":{}}],"line":60},"10":{"loc":{"start":{"line":61,"column":4},"end":{"line":61,"column":43}},"type":"if","locations":[{"start":{"line":61,"column":4},"end":{"line":61,"column":43}},{"start":{},"end":{}}],"line":61},"11":{"loc":{"start":{"line":62,"column":4},"end":{"line":62,"column":49}},"type":"if","locations":[{"start":{"line":62,"column":4},"end":{"line":62,"column":49}},{"start":{},"end":{}}],"line":62},"12":{"loc":{"start":{"line":88,"column":4},"end":{"line":88,"column":78}},"type":"if","locations":[{"start":{"line":88,"column":4},"end":{"line":88,"column":78}},{"start":{},"end":{}}],"line":88},"13":{"loc":{"start":{"line":104,"column":4},"end":{"line":104,"column":78}},"type":"if","locations":[{"start":{"line":104,"column":4},"end":{"line":104,"column":78}},{"start":{},"end":{}}],"line":104},"14":{"loc":{"start":{"line":110,"column":4},"end":{"line":110,"column":100}},"type":"if","locations":[{"start":{"line":110,"column":4},"end":{"line":110,"column":100}},{"start":{},"end":{}}],"line":110},"15":{"loc":{"start":{"line":117,"column":21},"end":{"line":117,"column":48}},"type":"binary-expr","locations":[{"start":{"line":117,"column":21},"end":{"line":117,"column":30}},{"start":{"line":117,"column":34},"end":{"line":117,"column":48}}],"line":117},"16":{"loc":{"start":{"line":118,"column":26},"end":{"line":118,"column":63}},"type":"binary-expr","locations":[{"start":{"line":118,"column":26},"end":{"line":118,"column":40}},{"start":{"line":118,"column":44},"end":{"line":118,"column":63}}],"line":118},"17":{"loc":{"start":{"line":119,"column":19},"end":{"line":119,"column":42}},"type":"binary-expr","locations":[{"start":{"line":119,"column":19},"end":{"line":119,"column":26}},{"start":{"line":119,"column":30},"end":{"line":119,"column":42}}],"line":119},"18":{"loc":{"start":{"line":120,"column":19},"end":{"line":120,"column":65}},"type":"cond-expr","locations":[{"start":{"line":120,"column":43},"end":{"line":120,"column":50}},{"start":{"line":120,"column":53},"end":{"line":120,"column":65}}],"line":120},"19":{"loc":{"start":{"line":121,"column":23},"end":{"line":121,"column":81}},"type":"cond-expr","locations":[{"start":{"line":121,"column":51},"end":{"line":121,"column":62}},{"start":{"line":121,"column":65},"end":{"line":121,"column":81}}],"line":121},"20":{"loc":{"start":{"line":122,"column":27},"end":{"line":122,"column":97}},"type":"cond-expr","locations":[{"start":{"line":122,"column":59},"end":{"line":122,"column":74}},{"start":{"line":122,"column":77},"end":{"line":122,"column":97}}],"line":122},"21":{"loc":{"start":{"line":127,"column":6},"end":{"line":140,"column":7}},"type":"if","locations":[{"start":{"line":127,"column":6},"end":{"line":140,"column":7}},{"start":{},"end":{}}],"line":127},"22":{"loc":{"start":{"line":127,"column":10},"end":{"line":127,"column":49}},"type":"binary-expr","locations":[{"start":{"line":127,"column":10},"end":{"line":127,"column":22}},{"start":{"line":127,"column":26},"end":{"line":127,"column":49}}],"line":127},"23":{"loc":{"start":{"line":137,"column":22},"end":{"line":137,"column":44}},"type":"binary-expr","locations":[{"start":{"line":137,"column":22},"end":{"line":137,"column":35}},{"start":{"line":137,"column":39},"end":{"line":137,"column":44}}],"line":137},"24":{"loc":{"start":{"line":158,"column":4},"end":{"line":158,"column":78}},"type":"if","locations":[{"start":{"line":158,"column":4},"end":{"line":158,"column":78}},{"start":{},"end":{}}],"line":158},"25":{"loc":{"start":{"line":164,"column":4},"end":{"line":164,"column":100}},"type":"if","locations":[{"start":{"line":164,"column":4},"end":{"line":164,"column":100}},{"start":{},"end":{}}],"line":164}},"s":{"0":4,"1":4,"2":28,"3":28,"4":28,"5":28,"6":28,"7":0,"8":28,"9":28,"10":28,"11":5,"12":16,"13":28,"14":28,"15":0,"16":4,"17":5,"18":5,"19":5,"20":5,"21":5,"22":0,"23":5,"24":5,"25":2,"26":5,"27":2,"28":5,"29":2,"30":5,"31":0,"32":5,"33":5,"34":0,"35":4,"36":5,"37":5,"38":5,"39":5,"40":2,"41":3,"42":0,"43":4,"44":2,"45":2,"46":2,"47":2,"48":2,"49":2,"50":0,"51":2,"52":2,"53":1,"54":1,"55":1,"56":1,"57":0,"58":0,"59":0,"60":1,"61":1,"62":0,"63":4,"64":2,"65":2,"66":2,"67":2,"68":2,"69":0,"70":2,"71":2,"72":1,"73":1,"74":1,"75":0,"76":4},"f":{"0":28,"1":28,"2":16,"3":5,"4":5,"5":2,"6":1,"7":0,"8":2},"b":{"0":[0,28],"1":[28,8],"2":[28,28],"3":[28,27],"4":[5,23],"5":[28,5,5],"6":[16,11],"7":[0,5],"8":[2,3],"9":[2,3],"10":[2,3],"11":[0,5],"12":[2,3],"13":[0,2],"14":[1,1],"15":[1,0],"16":[1,0],"17":[1,1],"18":[0,1],"19":[0,1],"20":[0,1],"21":[0,1],"22":[1,0],"23":[0,0],"24":[0,2],"25":[1,1]},"_coverageSchema":"1a1c01bbd47fc00a2c39e90264f33305004495a9","hash":"61f6124a81d24c15e9d505fe954ab9de4254b7e4"}
,"C:\\KULIAH\\SEMESTER 5 RPL\\PERPRO WEB\\UAS\\cbt-backend\\src\\controllers\\ujianController.js": {"path":"C:\\KULIAH\\SEMESTER 5 RPL\\PERPRO WEB\\UAS\\cbt-backend\\src\\controllers\\ujianController.js","statementMap":{"0":{"start":{"line":1,"column":15},"end":{"line":1,"column":38}},"1":{"start":{"line":4,"column":20},"end":{"line":39,"column":1}},"2":{"start":{"line":14,"column":6},"end":{"line":14,"column":14}},"3":{"start":{"line":15,"column":18},"end":{"line":15,"column":29}},"4":{"start":{"line":17,"column":2},"end":{"line":38,"column":3}},"5":{"start":{"line":18,"column":17},"end":{"line":18,"column":77}},"6":{"start":{"line":19,"column":4},"end":{"line":19,"column":78}},"7":{"start":{"line":19,"column":15},"end":{"line":19,"column":78}},"8":{"start":{"line":21,"column":18},"end":{"line":33,"column":6}},"9":{"start":{"line":35,"column":4},"end":{"line":35,"column":89}},"10":{"start":{"line":37,"column":4},"end":{"line":37,"column":51}},"11":{"start":{"line":42,"column":18},"end":{"line":66,"column":1}},"12":{"start":{"line":43,"column":18},"end":{"line":43,"column":29}},"13":{"start":{"line":45,"column":2},"end":{"line":65,"column":3}},"14":{"start":{"line":46,"column":17},"end":{"line":46,"column":77}},"15":{"start":{"line":47,"column":4},"end":{"line":47,"column":78}},"16":{"start":{"line":47,"column":15},"end":{"line":47,"column":78}},"17":{"start":{"line":49,"column":19},"end":{"line":60,"column":6}},"18":{"start":{"line":62,"column":4},"end":{"line":62,"column":25}},"19":{"start":{"line":64,"column":4},"end":{"line":64,"column":51}},"20":{"start":{"line":69,"column":21},"end":{"line":99,"column":1}},"21":{"start":{"line":70,"column":17},"end":{"line":70,"column":27}},"22":{"start":{"line":72,"column":2},"end":{"line":98,"column":3}},"23":{"start":{"line":73,"column":18},"end":{"line":91,"column":6}},"24":{"start":{"line":93,"column":4},"end":{"line":93,"column":80}},"25":{"start":{"line":93,"column":16},"end":{"line":93,"column":80}},"26":{"start":{"line":95,"column":4},"end":{"line":95,"column":24}},"27":{"start":{"line":97,"column":4},"end":{"line":97,"column":51}},"28":{"start":{"line":102,"column":20},"end":{"line":137,"column":1}},"29":{"start":{"line":103,"column":17},"end":{"line":103,"column":27}},"30":{"start":{"line":104,"column":21},"end":{"line":104,"column":29}},"31":{"start":{"line":105,"column":18},"end":{"line":105,"column":29}},"32":{"start":{"line":107,"column":2},"end":{"line":136,"column":3}},"33":{"start":{"line":108,"column":17},"end":{"line":108,"column":77}},"34":{"start":{"line":109,"column":4},"end":{"line":109,"column":78}},"35":{"start":{"line":109,"column":15},"end":{"line":109,"column":78}},"36":{"start":{"line":112,"column":18},"end":{"line":114,"column":6}},"37":{"start":{"line":115,"column":4},"end":{"line":115,"column":102}},"38":{"start":{"line":115,"column":16},"end":{"line":115,"column":102}},"39":{"start":{"line":118,"column":25},"end":{"line":118,"column":27}},"40":{"start":{"line":119,"column":4},"end":{"line":119,"column":79}},"41":{"start":{"line":119,"column":31},"end":{"line":119,"column":79}},"42":{"start":{"line":120,"column":4},"end":{"line":120,"column":91}},"43":{"start":{"line":120,"column":35},"end":{"line":120,"column":91}},"44":{"start":{"line":121,"column":4},"end":{"line":121,"column":70}},"45":{"start":{"line":121,"column":28},"end":{"line":121,"column":70}},"46":{"start":{"line":122,"column":4},"end":{"line":122,"column":84}},"47":{"start":{"line":122,"column":42},"end":{"line":122,"column":84}},"48":{"start":{"line":123,"column":4},"end":{"line":123,"column":98}},"49":{"start":{"line":123,"column":34},"end":{"line":123,"column":98}},"50":{"start":{"line":124,"column":4},"end":{"line":124,"column":104}},"51":{"start":{"line":124,"column":36},"end":{"line":124,"column":104}},"52":{"start":{"line":125,"column":4},"end":{"line":125,"column":85}},"53":{"start":{"line":125,"column":33},"end":{"line":125,"column":85}},"54":{"start":{"line":126,"column":4},"end":{"line":126,"column":99}},"55":{"start":{"line":126,"column":47},"end":{"line":126,"column":99}},"56":{"start":{"line":128,"column":25},"end":{"line":131,"column":6}},"57":{"start":{"line":133,"column":4},"end":{"line":133,"column":74}},"58":{"start":{"line":135,"column":4},"end":{"line":135,"column":51}},"59":{"start":{"line":140,"column":20},"end":{"line":160,"column":1}},"60":{"start":{"line":141,"column":17},"end":{"line":141,"column":27}},"61":{"start":{"line":142,"column":18},"end":{"line":142,"column":29}},"62":{"start":{"line":144,"column":2},"end":{"line":159,"column":3}},"63":{"start":{"line":145,"column":17},"end":{"line":145,"column":77}},"64":{"start":{"line":146,"column":4},"end":{"line":146,"column":78}},"65":{"start":{"line":146,"column":15},"end":{"line":146,"column":78}},"66":{"start":{"line":149,"column":18},"end":{"line":151,"column":6}},"67":{"start":{"line":152,"column":4},"end":{"line":152,"column":102}},"68":{"start":{"line":152,"column":16},"end":{"line":152,"column":102}},"69":{"start":{"line":154,"column":4},"end":{"line":154,"column":69}},"70":{"start":{"line":156,"column":4},"end":{"line":156,"column":52}},"71":{"start":{"line":158,"column":4},"end":{"line":158,"column":51}},"72":{"start":{"line":163,"column":26},"end":{"line":190,"column":1}},"73":{"start":{"line":164,"column":53},"end":{"line":164,"column":61}},"74":{"start":{"line":165,"column":18},"end":{"line":165,"column":29}},"75":{"start":{"line":167,"column":2},"end":{"line":189,"column":3}},"76":{"start":{"line":168,"column":17},"end":{"line":168,"column":77}},"77":{"start":{"line":169,"column":4},"end":{"line":169,"column":78}},"78":{"start":{"line":169,"column":15},"end":{"line":169,"column":78}},"79":{"start":{"line":172,"column":18},"end":{"line":174,"column":6}},"80":{"start":{"line":175,"column":4},"end":{"line":175,"column":102}},"81":{"start":{"line":175,"column":16},"end":{"line":175,"column":102}},"82":{"start":{"line":177,"column":22},"end":{"line":184,"column":6}},"83":{"start":{"line":186,"column":4},"end":{"line":186,"column":87}},"84":{"start":{"line":188,"column":4},"end":{"line":188,"column":51}},"85":{"start":{"line":193,"column":28},"end":{"line":217,"column":1}},"86":{"start":{"line":194,"column":17},"end":{"line":194,"column":27}},"87":{"start":{"line":195,"column":18},"end":{"line":195,"column":29}},"88":{"start":{"line":197,"column":2},"end":{"line":216,"column":3}},"89":{"start":{"line":198,"column":17},"end":{"line":198,"column":77}},"90":{"start":{"line":199,"column":4},"end":{"line":199,"column":78}},"91":{"start":{"line":199,"column":15},"end":{"line":199,"column":78}},"92":{"start":{"line":202,"column":22},"end":{"line":205,"column":6}},"93":{"start":{"line":207,"column":4},"end":{"line":209,"column":5}},"94":{"start":{"line":208,"column":6},"end":{"line":208,"column":91}},"95":{"start":{"line":211,"column":4},"end":{"line":211,"column":78}},"96":{"start":{"line":213,"column":4},"end":{"line":213,"column":62}},"97":{"start":{"line":215,"column":4},"end":{"line":215,"column":51}},"98":{"start":{"line":220,"column":27},"end":{"line":262,"column":1}},"99":{"start":{"line":221,"column":41},"end":{"line":221,"column":49}},"100":{"start":{"line":222,"column":18},"end":{"line":222,"column":29}},"101":{"start":{"line":224,"column":2},"end":{"line":261,"column":3}},"102":{"start":{"line":225,"column":17},"end":{"line":225,"column":77}},"103":{"start":{"line":226,"column":4},"end":{"line":226,"column":78}},"104":{"start":{"line":226,"column":15},"end":{"line":226,"column":78}},"105":{"start":{"line":229,"column":18},"end":{"line":231,"column":6}},"106":{"start":{"line":232,"column":4},"end":{"line":232,"column":102}},"107":{"start":{"line":232,"column":16},"end":{"line":232,"column":102}},"108":{"start":{"line":235,"column":20},"end":{"line":235,"column":31}},"109":{"start":{"line":236,"column":4},"end":{"line":236,"column":43}},"110":{"start":{"line":236,"column":17},"end":{"line":236,"column":43}},"111":{"start":{"line":238,"column":22},"end":{"line":238,"column":69}},"112":{"start":{"line":240,"column":4},"end":{"line":242,"column":5}},"113":{"start":{"line":241,"column":6},"end":{"line":241,"column":85}},"114":{"start":{"line":245,"column":24},"end":{"line":248,"column":7}},"115":{"start":{"line":245,"column":48},"end":{"line":248,"column":5}},"116":{"start":{"line":250,"column":4},"end":{"line":253,"column":7}},"117":{"start":{"line":255,"column":4},"end":{"line":258,"column":7}},"118":{"start":{"line":260,"column":4},"end":{"line":260,"column":51}},"119":{"start":{"line":264,"column":0},"end":{"line":273,"column":2}}},"fnMap":{"0":{"name":"(anonymous_0)","decl":{"start":{"line":4,"column":20},"end":{"line":4,"column":21}},"loc":{"start":{"line":4,"column":40},"end":{"line":39,"column":1}},"line":4},"1":{"name":"(anonymous_1)","decl":{"start":{"line":42,"column":18},"end":{"line":42,"column":19}},"loc":{"start":{"line":42,"column":38},"end":{"line":66,"column":1}},"line":42},"2":{"name":"(anonymous_2)","decl":{"start":{"line":69,"column":21},"end":{"line":69,"column":22}},"loc":{"start":{"line":69,"column":41},"end":{"line":99,"column":1}},"line":69},"3":{"name":"(anonymous_3)","decl":{"start":{"line":102,"column":20},"end":{"line":102,"column":21}},"loc":{"start":{"line":102,"column":40},"end":{"line":137,"column":1}},"line":102},"4":{"name":"(anonymous_4)","decl":{"start":{"line":140,"column":20},"end":{"line":140,"column":21}},"loc":{"start":{"line":140,"column":40},"end":{"line":160,"column":1}},"line":140},"5":{"name":"(anonymous_5)","decl":{"start":{"line":163,"column":26},"end":{"line":163,"column":27}},"loc":{"start":{"line":163,"column":46},"end":{"line":190,"column":1}},"line":163},"6":{"name":"(anonymous_6)","decl":{"start":{"line":193,"column":28},"end":{"line":193,"column":29}},"loc":{"start":{"line":193,"column":48},"end":{"line":217,"column":1}},"line":193},"7":{"name":"(anonymous_7)","decl":{"start":{"line":220,"column":27},"end":{"line":220,"column":28}},"loc":{"start":{"line":220,"column":47},"end":{"line":262,"column":1}},"line":220},"8":{"name":"(anonymous_8)","decl":{"start":{"line":245,"column":38},"end":{"line":245,"column":39}},"loc":{"start":{"line":245,"column":48},"end":{"line":248,"column":5}},"line":245}},"branchMap":{"0":{"loc":{"start":{"line":19,"column":4},"end":{"line":19,"column":78}},"type":"if","locations":[{"start":{"line":19,"column":4},"end":{"line":19,"column":78}},{"start":{},"end":{}}],"line":19},"1":{"loc":{"start":{"line":26,"column":17},"end":{"line":26,"column":32}},"type":"binary-expr","locations":[{"start":{"line":26,"column":17},"end":{"line":26,"column":24}},{"start":{"line":26,"column":28},"end":{"line":26,"column":32}}],"line":26},"2":{"loc":{"start":{"line":30,"column":22},"end":{"line":30,"column":43}},"type":"binary-expr","locations":[{"start":{"line":30,"column":22},"end":{"line":30,"column":34}},{"start":{"line":30,"column":38},"end":{"line":30,"column":43}}],"line":30},"3":{"loc":{"start":{"line":47,"column":4},"end":{"line":47,"column":78}},"type":"if","locations":[{"start":{"line":47,"column":4},"end":{"line":47,"column":78}},{"start":{},"end":{}}],"line":47},"4":{"loc":{"start":{"line":93,"column":4},"end":{"line":93,"column":80}},"type":"if","locations":[{"start":{"line":93,"column":4},"end":{"line":93,"column":80}},{"start":{},"end":{}}],"line":93},"5":{"loc":{"start":{"line":109,"column":4},"end":{"line":109,"column":78}},"type":"if","locations":[{"start":{"line":109,"column":4},"end":{"line":109,"column":78}},{"start":{},"end":{}}],"line":109},"6":{"loc":{"start":{"line":115,"column":4},"end":{"line":115,"column":102}},"type":"if","locations":[{"start":{"line":115,"column":4},"end":{"line":115,"column":102}},{"start":{},"end":{}}],"line":115},"7":{"loc":{"start":{"line":119,"column":4},"end":{"line":119,"column":79}},"type":"if","locations":[{"start":{"line":119,"column":4},"end":{"line":119,"column":79}},{"start":{},"end":{}}],"line":119},"8":{"loc":{"start":{"line":120,"column":4},"end":{"line":120,"column":91}},"type":"if","locations":[{"start":{"line":120,"column":4},"end":{"line":120,"column":91}},{"start":{},"end":{}}],"line":120},"9":{"loc":{"start":{"line":121,"column":4},"end":{"line":121,"column":70}},"type":"if","locations":[{"start":{"line":121,"column":4},"end":{"line":121,"column":70}},{"start":{},"end":{}}],"line":121},"10":{"loc":{"start":{"line":122,"column":4},"end":{"line":122,"column":84}},"type":"if","locations":[{"start":{"line":122,"column":4},"end":{"line":122,"column":84}},{"start":{},"end":{}}],"line":122},"11":{"loc":{"start":{"line":123,"column":4},"end":{"line":123,"column":98}},"type":"if","locations":[{"start":{"line":123,"column":4},"end":{"line":123,"column":98}},{"start":{},"end":{}}],"line":123},"12":{"loc":{"start":{"line":124,"column":4},"end":{"line":124,"column":104}},"type":"if","locations":[{"start":{"line":124,"column":4},"end":{"line":124,"column":104}},{"start":{},"end":{}}],"line":124},"13":{"loc":{"start":{"line":125,"column":4},"end":{"line":125,"column":85}},"type":"if","locations":[{"start":{"line":125,"column":4},"end":{"line":125,"column":85}},{"start":{},"end":{}}],"line":125},"14":{"loc":{"start":{"line":126,"column":4},"end":{"line":126,"column":99}},"type":"if","locations":[{"start":{"line":126,"column":4},"end":{"line":126,"column":99}},{"start":{},"end":{}}],"line":126},"15":{"loc":{"start":{"line":146,"column":4},"end":{"line":146,"column":78}},"type":"if","locations":[{"start":{"line":146,"column":4},"end":{"line":146,"column":78}},{"start":{},"end":{}}],"line":146},"16":{"loc":{"start":{"line":152,"column":4},"end":{"line":152,"column":102}},"type":"if","locations":[{"start":{"line":152,"column":4},"end":{"line":152,"column":102}},{"start":{},"end":{}}],"line":152},"17":{"loc":{"start":{"line":169,"column":4},"end":{"line":169,"column":78}},"type":"if","locations":[{"start":{"line":169,"column":4},"end":{"line":169,"column":78}},{"start":{},"end":{}}],"line":169},"18":{"loc":{"start":{"line":175,"column":4},"end":{"line":175,"column":102}},"type":"if","locations":[{"start":{"line":175,"column":4},"end":{"line":175,"column":102}},{"start":{},"end":{}}],"line":175},"19":{"loc":{"start":{"line":199,"column":4},"end":{"line":199,"column":78}},"type":"if","locations":[{"start":{"line":199,"column":4},"end":{"line":199,"column":78}},{"start":{},"end":{}}],"line":199},"20":{"loc":{"start":{"line":207,"column":4},"end":{"line":209,"column":5}},"type":"if","locations":[{"start":{"line":207,"column":4},"end":{"line":209,"column":5}},{"start":{},"end":{}}],"line":207},"21":{"loc":{"start":{"line":207,"column":8},"end":{"line":207,"column":62}},"type":"binary-expr","locations":[{"start":{"line":207,"column":8},"end":{"line":207,"column":18}},{"start":{"line":207,"column":22},"end":{"line":207,"column":62}}],"line":207},"22":{"loc":{"start":{"line":226,"column":4},"end":{"line":226,"column":78}},"type":"if","locations":[{"start":{"line":226,"column":4},"end":{"line":226,"column":78}},{"start":{},"end":{}}],"line":226},"23":{"loc":{"start":{"line":232,"column":4},"end":{"line":232,"column":102}},"type":"if","locations":[{"start":{"line":232,"column":4},"end":{"line":232,"column":102}},{"start":{},"end":{}}],"line":232},"24":{"loc":{"start":{"line":236,"column":4},"end":{"line":236,"column":43}},"type":"if","locations":[{"start":{"line":236,"column":4},"end":{"line":236,"column":43}},{"start":{},"end":{}}],"line":236},"25":{"loc":{"start":{"line":240,"column":4},"end":{"line":242,"column":5}},"type":"if","locations":[{"start":{"line":240,"column":4},"end":{"line":242,"column":5}},{"start":{},"end":{}}],"line":240}},"s":{"0":3,"1":3,"2":11,"3":11,"4":11,"5":11,"6":11,"7":0,"8":11,"9":11,"10":0,"11":3,"12":1,"13":1,"14":1,"15":1,"16":0,"17":1,"18":1,"19":0,"20":3,"21":2,"22":2,"23":2,"24":2,"25":1,"26":1,"27":0,"28":3,"29":1,"30":1,"31":1,"32":1,"33":1,"34":1,"35":0,"36":1,"37":1,"38":0,"39":1,"40":1,"41":1,"42":1,"43":0,"44":1,"45":0,"46":1,"47":0,"48":1,"49":0,"50":1,"51":0,"52":1,"53":1,"54":1,"55":0,"56":1,"57":1,"58":0,"59":3,"60":1,"61":1,"62":1,"63":1,"64":1,"65":0,"66":1,"67":1,"68":0,"69":1,"70":1,"71":0,"72":3,"73":5,"74":5,"75":5,"76":5,"77":5,"78":0,"79":5,"80":5,"81":0,"82":5,"83":5,"84":0,"85":3,"86":1,"87":1,"88":1,"89":1,"90":1,"91":0,"92":1,"93":1,"94":0,"95":1,"96":1,"97":0,"98":3,"99":2,"100":2,"101":2,"102":2,"103":2,"104":0,"105":2,"106":2,"107":0,"108":2,"109":2,"110":2,"111":2,"112":2,"113":0,"114":2,"115":2,"116":2,"117":2,"118":0,"119":3},"f":{"0":11,"1":1,"2":2,"3":1,"4":1,"5":5,"6":1,"7":2,"8":2},"b":{"0":[0,11],"1":[11,6],"2":[11,10],"3":[0,1],"4":[1,1],"5":[0,1],"6":[0,1],"7":[1,0],"8":[0,1],"9":[0,1],"10":[0,1],"11":[0,1],"12":[0,1],"13":[1,0],"14":[0,1],"15":[0,1],"16":[0,1],"17":[0,5],"18":[0,5],"19":[0,1],"20":[0,1],"21":[1,1],"22":[0,2],"23":[0,2],"24":[2,0],"25":[0,2]},"_coverageSchema":"1a1c01bbd47fc00a2c39e90264f33305004495a9","hash":"164a910f2a9c5a7ac341f845a49915e9cf3499a0"}
,"C:\\KULIAH\\SEMESTER 5 RPL\\PERPRO WEB\\UAS\\cbt-backend\\src\\controllers\\userController.js": {"path":"C:\\KULIAH\\SEMESTER 5 RPL\\PERPRO WEB\\UAS\\cbt-backend\\src\\controllers\\userController.js","statementMap":{"0":{"start":{"line":1,"column":15},"end":{"line":1,"column":38}},"1":{"start":{"line":2,"column":15},"end":{"line":2,"column":34}},"2":{"start":{"line":5,"column":20},"end":{"line":27,"column":1}},"3":{"start":{"line":6,"column":33},"end":{"line":6,"column":42}},"4":{"start":{"line":8,"column":2},"end":{"line":26,"column":3}},"5":{"start":{"line":9,"column":20},"end":{"line":9,"column":22}},"6":{"start":{"line":10,"column":4},"end":{"line":10,"column":34}},"7":{"start":{"line":10,"column":14},"end":{"line":10,"column":34}},"8":{"start":{"line":11,"column":4},"end":{"line":11,"column":83}},"9":{"start":{"line":11,"column":36},"end":{"line":11,"column":83}},"10":{"start":{"line":13,"column":18},"end":{"line":21,"column":6}},"11":{"start":{"line":23,"column":4},"end":{"line":23,"column":24}},"12":{"start":{"line":25,"column":4},"end":{"line":25,"column":51}},"13":{"start":{"line":30,"column":19},"end":{"line":82,"column":1}},"14":{"start":{"line":31,"column":70},"end":{"line":31,"column":78}},"15":{"start":{"line":33,"column":2},"end":{"line":81,"column":3}},"16":{"start":{"line":34,"column":27},"end":{"line":34,"column":58}},"17":{"start":{"line":36,"column":19},"end":{"line":72,"column":6}},"18":{"start":{"line":37,"column":22},"end":{"line":43,"column":8}},"19":{"start":{"line":45,"column":6},"end":{"line":69,"column":7}},"20":{"start":{"line":46,"column":8},"end":{"line":54,"column":11}},"21":{"start":{"line":55,"column":13},"end":{"line":69,"column":7}},"22":{"start":{"line":56,"column":8},"end":{"line":61,"column":11}},"23":{"start":{"line":62,"column":13},"end":{"line":69,"column":7}},"24":{"start":{"line":63,"column":8},"end":{"line":68,"column":11}},"25":{"start":{"line":71,"column":6},"end":{"line":71,"column":21}},"26":{"start":{"line":74,"column":4},"end":{"line":74,"column":81}},"27":{"start":{"line":77,"column":4},"end":{"line":79,"column":5}},"28":{"start":{"line":78,"column":8},"end":{"line":78,"column":75}},"29":{"start":{"line":80,"column":4},"end":{"line":80,"column":51}},"30":{"start":{"line":85,"column":23},"end":{"line":141,"column":1}},"31":{"start":{"line":86,"column":17},"end":{"line":86,"column":27}},"32":{"start":{"line":87,"column":19},"end":{"line":87,"column":27}},"33":{"start":{"line":89,"column":2},"end":{"line":140,"column":3}},"34":{"start":{"line":91,"column":4},"end":{"line":93,"column":5}},"35":{"start":{"line":92,"column":6},"end":{"line":92,"column":65}},"36":{"start":{"line":95,"column":17},"end":{"line":98,"column":6}},"37":{"start":{"line":100,"column":4},"end":{"line":100,"column":78}},"38":{"start":{"line":100,"column":15},"end":{"line":100,"column":78}},"39":{"start":{"line":103,"column":4},"end":{"line":105,"column":5}},"40":{"start":{"line":104,"column":6},"end":{"line":104,"column":64}},"41":{"start":{"line":107,"column":4},"end":{"line":135,"column":7}},"42":{"start":{"line":109,"column":6},"end":{"line":109,"column":76}},"43":{"start":{"line":109,"column":22},"end":{"line":109,"column":76}},"44":{"start":{"line":110,"column":6},"end":{"line":110,"column":74}},"45":{"start":{"line":110,"column":21},"end":{"line":110,"column":74}},"46":{"start":{"line":111,"column":6},"end":{"line":111,"column":76}},"47":{"start":{"line":111,"column":22},"end":{"line":111,"column":76}},"48":{"start":{"line":114,"column":6},"end":{"line":117,"column":9}},"49":{"start":{"line":120,"column":6},"end":{"line":134,"column":7}},"50":{"start":{"line":121,"column":8},"end":{"line":121,"column":84}},"51":{"start":{"line":122,"column":13},"end":{"line":134,"column":7}},"52":{"start":{"line":123,"column":8},"end":{"line":123,"column":82}},"53":{"start":{"line":124,"column":13},"end":{"line":134,"column":7}},"54":{"start":{"line":125,"column":8},"end":{"line":133,"column":11}},"55":{"start":{"line":137,"column":4},"end":{"line":137,"column":55}},"56":{"start":{"line":139,"column":4},"end":{"line":139,"column":51}},"57":{"start":{"line":144,"column":25},"end":{"line":163,"column":1}},"58":{"start":{"line":145,"column":17},"end":{"line":145,"column":27}},"59":{"start":{"line":147,"column":2},"end":{"line":162,"column":3}},"60":{"start":{"line":148,"column":17},"end":{"line":148,"column":78}},"61":{"start":{"line":149,"column":4},"end":{"line":149,"column":78}},"62":{"start":{"line":149,"column":15},"end":{"line":149,"column":78}},"63":{"start":{"line":151,"column":20},"end":{"line":154,"column":6}},"64":{"start":{"line":156,"column":4},"end":{"line":159,"column":7}},"65":{"start":{"line":161,"column":4},"end":{"line":161,"column":51}},"66":{"start":{"line":166,"column":19},"end":{"line":179,"column":1}},"67":{"start":{"line":167,"column":17},"end":{"line":167,"column":27}},"68":{"start":{"line":169,"column":2},"end":{"line":178,"column":3}},"69":{"start":{"line":170,"column":17},"end":{"line":170,"column":78}},"70":{"start":{"line":171,"column":4},"end":{"line":171,"column":78}},"71":{"start":{"line":171,"column":15},"end":{"line":171,"column":78}},"72":{"start":{"line":173,"column":4},"end":{"line":173,"column":62}},"73":{"start":{"line":175,"column":4},"end":{"line":175,"column":51}},"74":{"start":{"line":177,"column":4},"end":{"line":177,"column":51}},"75":{"start":{"line":182,"column":21},"end":{"line":221,"column":1}},"76":{"start":{"line":183,"column":39},"end":{"line":183,"column":47}},"77":{"start":{"line":185,"column":2},"end":{"line":220,"column":3}},"78":{"start":{"line":187,"column":4},"end":{"line":189,"column":5}},"79":{"start":{"line":188,"column":6},"end":{"line":188,"column":73}},"80":{"start":{"line":191,"column":20},"end":{"line":203,"column":6}},"81":{"start":{"line":205,"column":4},"end":{"line":205,"column":84}},"82":{"start":{"line":205,"column":18},"end":{"line":205,"column":84}},"83":{"start":{"line":208,"column":4},"end":{"line":210,"column":5}},"84":{"start":{"line":209,"column":6},"end":{"line":209,"column":86}},"85":{"start":{"line":212,"column":27},"end":{"line":215,"column":6}},"86":{"start":{"line":217,"column":4},"end":{"line":217,"column":79}},"87":{"start":{"line":219,"column":4},"end":{"line":219,"column":51}},"88":{"start":{"line":224,"column":24},"end":{"line":310,"column":1}},"89":{"start":{"line":225,"column":31},"end":{"line":225,"column":39}},"90":{"start":{"line":227,"column":2},"end":{"line":309,"column":3}},"91":{"start":{"line":228,"column":25},"end":{"line":241,"column":6}},"92":{"start":{"line":243,"column":4},"end":{"line":243,"column":95}},"93":{"start":{"line":243,"column":23},"end":{"line":243,"column":95}},"94":{"start":{"line":246,"column":4},"end":{"line":248,"column":5}},"95":{"start":{"line":247,"column":6},"end":{"line":247,"column":84}},"96":{"start":{"line":251,"column":21},"end":{"line":251,"column":22}},"97":{"start":{"line":252,"column":21},"end":{"line":252,"column":22}},"98":{"start":{"line":254,"column":4},"end":{"line":273,"column":5}},"99":{"start":{"line":255,"column":24},"end":{"line":255,"column":96}},"100":{"start":{"line":255,"column":65},"end":{"line":255,"column":95}},"101":{"start":{"line":256,"column":6},"end":{"line":256,"column":31}},"102":{"start":{"line":256,"column":22},"end":{"line":256,"column":31}},"103":{"start":{"line":258,"column":20},"end":{"line":258,"column":41}},"104":{"start":{"line":259,"column":6},"end":{"line":259,"column":26}},"105":{"start":{"line":262,"column":6},"end":{"line":272,"column":7}},"106":{"start":{"line":264,"column":8},"end":{"line":266,"column":9}},"107":{"start":{"line":265,"column":10},"end":{"line":265,"column":61}},"108":{"start":{"line":269,"column":8},"end":{"line":271,"column":9}},"109":{"start":{"line":270,"column":10},"end":{"line":270,"column":30}},"110":{"start":{"line":276,"column":23},"end":{"line":276,"column":75}},"111":{"start":{"line":279,"column":26},"end":{"line":281,"column":6}},"112":{"start":{"line":283,"column":4},"end":{"line":295,"column":5}},"113":{"start":{"line":284,"column":6},"end":{"line":287,"column":9}},"114":{"start":{"line":289,"column":6},"end":{"line":294,"column":9}},"115":{"start":{"line":298,"column":4},"end":{"line":301,"column":7}},"116":{"start":{"line":303,"column":4},"end":{"line":306,"column":7}},"117":{"start":{"line":308,"column":4},"end":{"line":308,"column":51}},"118":{"start":{"line":312,"column":0},"end":{"line":320,"column":2}}},"fnMap":{"0":{"name":"(anonymous_0)","decl":{"start":{"line":5,"column":20},"end":{"line":5,"column":21}},"loc":{"start":{"line":5,"column":40},"end":{"line":27,"column":1}},"line":5},"1":{"name":"(anonymous_1)","decl":{"start":{"line":30,"column":19},"end":{"line":30,"column":20}},"loc":{"start":{"line":30,"column":39},"end":{"line":82,"column":1}},"line":30},"2":{"name":"(anonymous_2)","decl":{"start":{"line":36,"column":45},"end":{"line":36,"column":46}},"loc":{"start":{"line":36,"column":59},"end":{"line":72,"column":5}},"line":36},"3":{"name":"(anonymous_3)","decl":{"start":{"line":85,"column":23},"end":{"line":85,"column":24}},"loc":{"start":{"line":85,"column":43},"end":{"line":141,"column":1}},"line":85},"4":{"name":"(anonymous_4)","decl":{"start":{"line":107,"column":30},"end":{"line":107,"column":31}},"loc":{"start":{"line":107,"column":44},"end":{"line":135,"column":5}},"line":107},"5":{"name":"(anonymous_5)","decl":{"start":{"line":144,"column":25},"end":{"line":144,"column":26}},"loc":{"start":{"line":144,"column":45},"end":{"line":163,"column":1}},"line":144},"6":{"name":"(anonymous_6)","decl":{"start":{"line":166,"column":19},"end":{"line":166,"column":20}},"loc":{"start":{"line":166,"column":39},"end":{"line":179,"column":1}},"line":166},"7":{"name":"(anonymous_7)","decl":{"start":{"line":182,"column":21},"end":{"line":182,"column":22}},"loc":{"start":{"line":182,"column":41},"end":{"line":221,"column":1}},"line":182},"8":{"name":"(anonymous_8)","decl":{"start":{"line":224,"column":24},"end":{"line":224,"column":25}},"loc":{"start":{"line":224,"column":44},"end":{"line":310,"column":1}},"line":224},"9":{"name":"(anonymous_9)","decl":{"start":{"line":255,"column":59},"end":{"line":255,"column":60}},"loc":{"start":{"line":255,"column":65},"end":{"line":255,"column":95}},"line":255}},"branchMap":{"0":{"loc":{"start":{"line":10,"column":4},"end":{"line":10,"column":34}},"type":"if","locations":[{"start":{"line":10,"column":4},"end":{"line":10,"column":34}},{"start":{},"end":{}}],"line":10},"1":{"loc":{"start":{"line":11,"column":4},"end":{"line":11,"column":83}},"type":"if","locations":[{"start":{"line":11,"column":4},"end":{"line":11,"column":83}},{"start":{},"end":{}}],"line":11},"2":{"loc":{"start":{"line":45,"column":6},"end":{"line":69,"column":7}},"type":"if","locations":[{"start":{"line":45,"column":6},"end":{"line":69,"column":7}},{"start":{"line":55,"column":13},"end":{"line":69,"column":7}}],"line":45},"3":{"loc":{"start":{"line":55,"column":13},"end":{"line":69,"column":7}},"type":"if","locations":[{"start":{"line":55,"column":13},"end":{"line":69,"column":7}},{"start":{"line":62,"column":13},"end":{"line":69,"column":7}}],"line":55},"4":{"loc":{"start":{"line":62,"column":13},"end":{"line":69,"column":7}},"type":"if","locations":[{"start":{"line":62,"column":13},"end":{"line":69,"column":7}},{"start":{},"end":{}}],"line":62},"5":{"loc":{"start":{"line":77,"column":4},"end":{"line":79,"column":5}},"type":"if","locations":[{"start":{"line":77,"column":4},"end":{"line":79,"column":5}},{"start":{},"end":{}}],"line":77},"6":{"loc":{"start":{"line":91,"column":4},"end":{"line":93,"column":5}},"type":"if","locations":[{"start":{"line":91,"column":4},"end":{"line":93,"column":5}},{"start":{},"end":{}}],"line":91},"7":{"loc":{"start":{"line":100,"column":4},"end":{"line":100,"column":78}},"type":"if","locations":[{"start":{"line":100,"column":4},"end":{"line":100,"column":78}},{"start":{},"end":{}}],"line":100},"8":{"loc":{"start":{"line":103,"column":4},"end":{"line":105,"column":5}},"type":"if","locations":[{"start":{"line":103,"column":4},"end":{"line":105,"column":5}},{"start":{},"end":{}}],"line":103},"9":{"loc":{"start":{"line":109,"column":6},"end":{"line":109,"column":76}},"type":"if","locations":[{"start":{"line":109,"column":6},"end":{"line":109,"column":76}},{"start":{},"end":{}}],"line":109},"10":{"loc":{"start":{"line":110,"column":6},"end":{"line":110,"column":74}},"type":"if","locations":[{"start":{"line":110,"column":6},"end":{"line":110,"column":74}},{"start":{},"end":{}}],"line":110},"11":{"loc":{"start":{"line":111,"column":6},"end":{"line":111,"column":76}},"type":"if","locations":[{"start":{"line":111,"column":6},"end":{"line":111,"column":76}},{"start":{},"end":{}}],"line":111},"12":{"loc":{"start":{"line":120,"column":6},"end":{"line":134,"column":7}},"type":"if","locations":[{"start":{"line":120,"column":6},"end":{"line":134,"column":7}},{"start":{"line":122,"column":13},"end":{"line":134,"column":7}}],"line":120},"13":{"loc":{"start":{"line":122,"column":13},"end":{"line":134,"column":7}},"type":"if","locations":[{"start":{"line":122,"column":13},"end":{"line":134,"column":7}},{"start":{"line":124,"column":13},"end":{"line":134,"column":7}}],"line":122},"14":{"loc":{"start":{"line":124,"column":13},"end":{"line":134,"column":7}},"type":"if","locations":[{"start":{"line":124,"column":13},"end":{"line":134,"column":7}},{"start":{},"end":{}}],"line":124},"15":{"loc":{"start":{"line":149,"column":4},"end":{"line":149,"column":78}},"type":"if","locations":[{"start":{"line":149,"column":4},"end":{"line":149,"column":78}},{"start":{},"end":{}}],"line":149},"16":{"loc":{"start":{"line":157,"column":23},"end":{"line":157,"column":76}},"type":"cond-expr","locations":[{"start":{"line":157,"column":46},"end":{"line":157,"column":58}},{"start":{"line":157,"column":61},"end":{"line":157,"column":76}}],"line":157},"17":{"loc":{"start":{"line":171,"column":4},"end":{"line":171,"column":78}},"type":"if","locations":[{"start":{"line":171,"column":4},"end":{"line":171,"column":78}},{"start":{},"end":{}}],"line":171},"18":{"loc":{"start":{"line":187,"column":4},"end":{"line":189,"column":5}},"type":"if","locations":[{"start":{"line":187,"column":4},"end":{"line":189,"column":5}},{"start":{},"end":{}}],"line":187},"19":{"loc":{"start":{"line":187,"column":8},"end":{"line":187,"column":46}},"type":"binary-expr","locations":[{"start":{"line":187,"column":8},"end":{"line":187,"column":24}},{"start":{"line":187,"column":28},"end":{"line":187,"column":46}}],"line":187},"20":{"loc":{"start":{"line":205,"column":4},"end":{"line":205,"column":84}},"type":"if","locations":[{"start":{"line":205,"column":4},"end":{"line":205,"column":84}},{"start":{},"end":{}}],"line":205},"21":{"loc":{"start":{"line":208,"column":4},"end":{"line":210,"column":5}},"type":"if","locations":[{"start":{"line":208,"column":4},"end":{"line":210,"column":5}},{"start":{},"end":{}}],"line":208},"22":{"loc":{"start":{"line":243,"column":4},"end":{"line":243,"column":95}},"type":"if","locations":[{"start":{"line":243,"column":4},"end":{"line":243,"column":95}},{"start":{},"end":{}}],"line":243},"23":{"loc":{"start":{"line":246,"column":4},"end":{"line":248,"column":5}},"type":"if","locations":[{"start":{"line":246,"column":4},"end":{"line":248,"column":5}},{"start":{},"end":{}}],"line":246},"24":{"loc":{"start":{"line":256,"column":6},"end":{"line":256,"column":31}},"type":"if","locations":[{"start":{"line":256,"column":6},"end":{"line":256,"column":31}},{"start":{},"end":{}}],"line":256},"25":{"loc":{"start":{"line":262,"column":6},"end":{"line":272,"column":7}},"type":"if","locations":[{"start":{"line":262,"column":6},"end":{"line":272,"column":7}},{"start":{"line":267,"column":13},"end":{"line":272,"column":7}}],"line":262},"26":{"loc":{"start":{"line":264,"column":8},"end":{"line":266,"column":9}},"type":"if","locations":[{"start":{"line":264,"column":8},"end":{"line":266,"column":9}},{"start":{},"end":{}}],"line":264},"27":{"loc":{"start":{"line":269,"column":8},"end":{"line":271,"column":9}},"type":"if","locations":[{"start":{"line":269,"column":8},"end":{"line":271,"column":9}},{"start":{},"end":{}}],"line":269},"28":{"loc":{"start":{"line":276,"column":23},"end":{"line":276,"column":75}},"type":"cond-expr","locations":[{"start":{"line":276,"column":40},"end":{"line":276,"column":71}},{"start":{"line":276,"column":74},"end":{"line":276,"column":75}}],"line":276},"29":{"loc":{"start":{"line":283,"column":4},"end":{"line":295,"column":5}},"type":"if","locations":[{"start":{"line":283,"column":4},"end":{"line":295,"column":5}},{"start":{"line":288,"column":11},"end":{"line":295,"column":5}}],"line":283}},"s":{"0":2,"1":2,"2":2,"3":3,"4":3,"5":3,"6":3,"7":1,"8":3,"9":1,"10":3,"11":3,"12":0,"13":2,"14":1,"15":1,"16":1,"17":1,"18":1,"19":1,"20":0,"21":1,"22":0,"23":1,"24":1,"25":1,"26":1,"27":0,"28":0,"29":0,"30":2,"31":1,"32":1,"33":1,"34":1,"35":0,"36":1,"37":1,"38":0,"39":1,"40":0,"41":1,"42":1,"43":0,"44":1,"45":1,"46":1,"47":0,"48":1,"49":1,"50":1,"51":0,"52":0,"53":0,"54":0,"55":1,"56":0,"57":2,"58":1,"59":1,"60":1,"61":1,"62":0,"63":1,"64":1,"65":0,"66":2,"67":1,"68":1,"69":1,"70":1,"71":0,"72":1,"73":1,"74":0,"75":2,"76":4,"77":4,"78":4,"79":2,"80":2,"81":2,"82":0,"83":2,"84":0,"85":2,"86":2,"87":0,"88":2,"89":4,"90":4,"91":4,"92":4,"93":0,"94":4,"95":0,"96":4,"97":4,"98":4,"99":7,"100":12,"101":7,"102":0,"103":7,"104":7,"105":7,"106":4,"107":4,"108":3,"109":3,"110":4,"111":4,"112":4,"113":0,"114":4,"115":4,"116":4,"117":0,"118":2},"f":{"0":3,"1":1,"2":1,"3":1,"4":1,"5":1,"6":1,"7":4,"8":4,"9":12},"b":{"0":[1,2],"1":[1,2],"2":[0,1],"3":[0,1],"4":[1,0],"5":[0,0],"6":[0,1],"7":[0,1],"8":[0,1],"9":[0,1],"10":[1,0],"11":[0,1],"12":[1,0],"13":[0,0],"14":[0,0],"15":[0,1],"16":[0,1],"17":[0,1],"18":[2,2],"19":[4,3],"20":[0,2],"21":[0,2],"22":[0,4],"23":[0,4],"24":[0,7],"25":[4,3],"26":[4,0],"27":[3,0],"28":[4,0],"29":[0,4]},"_coverageSchema":"1a1c01bbd47fc00a2c39e90264f33305004495a9","hash":"25d7ada44e03fff29e92bdb5886be09b80b6b74c"}
,"C:\\KULIAH\\SEMESTER 5 RPL\\PERPRO WEB\\UAS\\cbt-backend\\src\\middlewares\\authMiddleware.js": {"path":"C:\\KULIAH\\SEMESTER 5 RPL\\PERPRO WEB\\UAS\\cbt-backend\\src\\middlewares\\authMiddleware.js","statementMap":{"0":{"start":{"line":1,"column":12},"end":{"line":1,"column":35}},"1":{"start":{"line":4,"column":20},"end":{"line":18,"column":1}},"2":{"start":{"line":5,"column":16},"end":{"line":5,"column":56}},"3":{"start":{"line":7,"column":2},"end":{"line":9,"column":3}},"4":{"start":{"line":8,"column":4},"end":{"line":8,"column":68}},"5":{"start":{"line":11,"column":2},"end":{"line":17,"column":3}},"6":{"start":{"line":12,"column":20},"end":{"line":12,"column":61}},"7":{"start":{"line":13,"column":4},"end":{"line":13,"column":23}},"8":{"start":{"line":14,"column":4},"end":{"line":14,"column":11}},"9":{"start":{"line":16,"column":4},"end":{"line":16,"column":77}},"10":{"start":{"line":21,"column":18},"end":{"line":33,"column":1}},"11":{"start":{"line":22,"column":2},"end":{"line":32,"column":4}},"12":{"start":{"line":23,"column":4},"end":{"line":25,"column":5}},"13":{"start":{"line":24,"column":6},"end":{"line":24,"column":61}},"14":{"start":{"line":27,"column":4},"end":{"line":29,"column":5}},"15":{"start":{"line":28,"column":6},"end":{"line":28,"column":81}},"16":{"start":{"line":31,"column":4},"end":{"line":31,"column":11}},"17":{"start":{"line":35,"column":0},"end":{"line":35,"column":44}}},"fnMap":{"0":{"name":"(anonymous_0)","decl":{"start":{"line":4,"column":20},"end":{"line":4,"column":21}},"loc":{"start":{"line":4,"column":40},"end":{"line":18,"column":1}},"line":4},"1":{"name":"(anonymous_1)","decl":{"start":{"line":21,"column":18},"end":{"line":21,"column":19}},"loc":{"start":{"line":21,"column":39},"end":{"line":33,"column":1}},"line":21},"2":{"name":"(anonymous_2)","decl":{"start":{"line":22,"column":9},"end":{"line":22,"column":10}},"loc":{"start":{"line":22,"column":29},"end":{"line":32,"column":3}},"line":22}},"branchMap":{"0":{"loc":{"start":{"line":7,"column":2},"end":{"line":9,"column":3}},"type":"if","locations":[{"start":{"line":7,"column":2},"end":{"line":9,"column":3}},{"start":{},"end":{}}],"line":7},"1":{"loc":{"start":{"line":23,"column":4},"end":{"line":25,"column":5}},"type":"if","locations":[{"start":{"line":23,"column":4},"end":{"line":25,"column":5}},{"start":{},"end":{}}],"line":23},"2":{"loc":{"start":{"line":27,"column":4},"end":{"line":29,"column":5}},"type":"if","locations":[{"start":{"line":27,"column":4},"end":{"line":29,"column":5}},{"start":{},"end":{}}],"line":27}},"s":{"0":6,"1":6,"2":118,"3":118,"4":3,"5":115,"6":115,"7":113,"8":113,"9":2,"10":6,"11":29,"12":120,"13":1,"14":119,"15":13,"16":106,"17":6},"f":{"0":118,"1":29,"2":120},"b":{"0":[3,115],"1":[1,119],"2":[13,106]},"_coverageSchema":"1a1c01bbd47fc00a2c39e90264f33305004495a9","hash":"44d2edddaaed0d09112d476135a2a62c13e917d0"}
,"C:\\KULIAH\\SEMESTER 5 RPL\\PERPRO WEB\\UAS\\cbt-backend\\src\\middlewares\\validationMiddleware.js": {"path":"C:\\KULIAH\\SEMESTER 5 RPL\\PERPRO WEB\\UAS\\cbt-backend\\src\\middlewares\\validationMiddleware.js","statementMap":{"0":{"start":{"line":1,"column":12},"end":{"line":1,"column":26}},"1":{"start":{"line":3,"column":23},"end":{"line":13,"column":2}},"2":{"start":{"line":15,"column":20},"end":{"line":18,"column":2}},"3":{"start":{"line":20,"column":25},"end":{"line":24,"column":1}},"4":{"start":{"line":21,"column":20},"end":{"line":21,"column":53}},"5":{"start":{"line":22,"column":2},"end":{"line":22,"column":78}},"6":{"start":{"line":22,"column":13},"end":{"line":22,"column":78}},"7":{"start":{"line":23,"column":2},"end":{"line":23,"column":9}},"8":{"start":{"line":26,"column":22},"end":{"line":30,"column":1}},"9":{"start":{"line":27,"column":20},"end":{"line":27,"column":50}},"10":{"start":{"line":28,"column":2},"end":{"line":28,"column":78}},"11":{"start":{"line":28,"column":13},"end":{"line":28,"column":78}},"12":{"start":{"line":29,"column":2},"end":{"line":29,"column":9}},"13":{"start":{"line":32,"column":0},"end":{"line":32,"column":53}}},"fnMap":{"0":{"name":"(anonymous_0)","decl":{"start":{"line":20,"column":25},"end":{"line":20,"column":26}},"loc":{"start":{"line":20,"column":45},"end":{"line":24,"column":1}},"line":20},"1":{"name":"(anonymous_1)","decl":{"start":{"line":26,"column":22},"end":{"line":26,"column":23}},"loc":{"start":{"line":26,"column":42},"end":{"line":30,"column":1}},"line":26}},"branchMap":{"0":{"loc":{"start":{"line":22,"column":2},"end":{"line":22,"column":78}},"type":"if","locations":[{"start":{"line":22,"column":2},"end":{"line":22,"column":78}},{"start":{},"end":{}}],"line":22},"1":{"loc":{"start":{"line":28,"column":2},"end":{"line":28,"column":78}},"type":"if","locations":[{"start":{"line":28,"column":2},"end":{"line":28,"column":78}},{"start":{},"end":{}}],"line":28}},"s":{"0":4,"1":4,"2":4,"3":4,"4":52,"5":52,"6":13,"7":39,"8":4,"9":11,"10":11,"11":2,"12":9,"13":4},"f":{"0":52,"1":11},"b":{"0":[13,39],"1":[2,9]},"_coverageSchema":"1a1c01bbd47fc00a2c39e90264f33305004495a9","hash":"29c829c8ec74f5ae777863410ccd16f4f81d96fe"}
,"C:\\KULIAH\\SEMESTER 5 RPL\\PERPRO WEB\\UAS\\cbt-backend\\src\\routes\\authRoutes.js": {"path":"C:\\KULIAH\\SEMESTER 5 RPL\\PERPRO WEB\\UAS\\cbt-backend\\src\\routes\\authRoutes.js","statementMap":{"0":{"start":{"line":1,"column":16},"end":{"line":1,"column":34}},"1":{"start":{"line":2,"column":15},"end":{"line":2,"column":31}},"2":{"start":{"line":3,"column":28},"end":{"line":3,"column":68}},"3":{"start":{"line":4,"column":44},"end":{"line":4,"column":90}},"4":{"start":{"line":7,"column":0},"end":{"line":7,"column":53}},"5":{"start":{"line":10,"column":0},"end":{"line":10,"column":44}},"6":{"start":{"line":12,"column":0},"end":{"line":12,"column":24}}},"fnMap":{},"branchMap":{},"s":{"0":3,"1":3,"2":3,"3":3,"4":3,"5":3,"6":3},"f":{},"b":{},"_coverageSchema":"1a1c01bbd47fc00a2c39e90264f33305004495a9","hash":"f2a0e8197be2590c0d73515f67c6ad61c56ceb85"}
,"C:\\KULIAH\\SEMESTER 5 RPL\\PERPRO WEB\\UAS\\cbt-backend\\src\\routes\\siswaRoutes.js": {"path":"C:\\KULIAH\\SEMESTER 5 RPL\\PERPRO WEB\\UAS\\cbt-backend\\src\\routes\\siswaRoutes.js","statementMap":{"0":{"start":{"line":1,"column":16},"end":{"line":1,"column":34}},"1":{"start":{"line":2,"column":15},"end":{"line":2,"column":31}},"2":{"start":{"line":3,"column":35},"end":{"line":3,"column":75}},"3":{"start":{"line":10,"column":4},"end":{"line":10,"column":45}},"4":{"start":{"line":13,"column":0},"end":{"line":13,"column":44}},"5":{"start":{"line":15,"column":0},"end":{"line":15,"column":35}},"6":{"start":{"line":16,"column":0},"end":{"line":16,"column":41}},"7":{"start":{"line":17,"column":0},"end":{"line":17,"column":46}},"8":{"start":{"line":18,"column":0},"end":{"line":18,"column":43}},"9":{"start":{"line":19,"column":0},"end":{"line":19,"column":61}},"10":{"start":{"line":21,"column":0},"end":{"line":21,"column":24}}},"fnMap":{},"branchMap":{},"s":{"0":2,"1":2,"2":2,"3":2,"4":2,"5":2,"6":2,"7":2,"8":2,"9":2,"10":2},"f":{},"b":{},"_coverageSchema":"1a1c01bbd47fc00a2c39e90264f33305004495a9","hash":"5dd6dd99737084704f85193ef4441e119e9d3bc2"}
,"C:\\KULIAH\\SEMESTER 5 RPL\\PERPRO WEB\\UAS\\cbt-backend\\src\\routes\\soalRoutes.js": {"path":"C:\\KULIAH\\SEMESTER 5 RPL\\PERPRO WEB\\UAS\\cbt-backend\\src\\routes\\soalRoutes.js","statementMap":{"0":{"start":{"line":1,"column":16},"end":{"line":1,"column":34}},"1":{"start":{"line":2,"column":15},"end":{"line":2,"column":31}},"2":{"start":{"line":3,"column":35},"end":{"line":3,"column":75}},"3":{"start":{"line":10,"column":4},"end":{"line":10,"column":44}},"4":{"start":{"line":13,"column":0},"end":{"line":13,"column":43}},"5":{"start":{"line":15,"column":0},"end":{"line":15,"column":29}},"6":{"start":{"line":16,"column":0},"end":{"line":16,"column":26}},"7":{"start":{"line":17,"column":0},"end":{"line":17,"column":32}},"8":{"start":{"line":18,"column":0},"end":{"line":18,"column":31}},"9":{"start":{"line":19,"column":0},"end":{"line":19,"column":34}},"10":{"start":{"line":21,"column":0},"end":{"line":21,"column":24}}},"fnMap":{},"branchMap":{},"s":{"0":4,"1":4,"2":4,"3":4,"4":4,"5":4,"6":4,"7":4,"8":4,"9":4,"10":4},"f":{},"b":{},"_coverageSchema":"1a1c01bbd47fc00a2c39e90264f33305004495a9","hash":"cbef06d1312a5f34795f79cd745061e71f130559"}
,"C:\\KULIAH\\SEMESTER 5 RPL\\PERPRO WEB\\UAS\\cbt-backend\\src\\routes\\ujianRoutes.js": {"path":"C:\\KULIAH\\SEMESTER 5 RPL\\PERPRO WEB\\UAS\\cbt-backend\\src\\routes\\ujianRoutes.js","statementMap":{"0":{"start":{"line":1,"column":16},"end":{"line":1,"column":34}},"1":{"start":{"line":2,"column":15},"end":{"line":2,"column":31}},"2":{"start":{"line":3,"column":35},"end":{"line":3,"column":75}},"3":{"start":{"line":13,"column":4},"end":{"line":13,"column":45}},"4":{"start":{"line":16,"column":0},"end":{"line":16,"column":43}},"5":{"start":{"line":18,"column":0},"end":{"line":18,"column":30}},"6":{"start":{"line":19,"column":0},"end":{"line":19,"column":27}},"7":{"start":{"line":20,"column":0},"end":{"line":20,"column":33}},"8":{"start":{"line":21,"column":0},"end":{"line":21,"column":32}},"9":{"start":{"line":22,"column":0},"end":{"line":22,"column":35}},"10":{"start":{"line":25,"column":0},"end":{"line":25,"column":47}},"11":{"start":{"line":26,"column":0},"end":{"line":26,"column":55}},"12":{"start":{"line":27,"column":0},"end":{"line":27,"column":49}},"13":{"start":{"line":29,"column":0},"end":{"line":29,"column":24}}},"fnMap":{},"branchMap":{},"s":{"0":3,"1":3,"2":3,"3":3,"4":3,"5":3,"6":3,"7":3,"8":3,"9":3,"10":3,"11":3,"12":3,"13":3},"f":{},"b":{},"_coverageSchema":"1a1c01bbd47fc00a2c39e90264f33305004495a9","hash":"e36c35534563c98ba2ce82497b3e71b3045c12b7"}
,"C:\\KULIAH\\SEMESTER 5 RPL\\PERPRO WEB\\UAS\\cbt-backend\\src\\routes\\userRoutes.js": {"path":"C:\\KULIAH\\SEMESTER 5 RPL\\PERPRO WEB\\UAS\\cbt-backend\\src\\routes\\userRoutes.js","statementMap":{"0":{"start":{"line":1,"column":16},"end":{"line":1,"column":34}},"1":{"start":{"line":2,"column":15},"end":{"line":2,"column":31}},"2":{"start":{"line":3,"column":35},"end":{"line":3,"column":75}},"3":{"start":{"line":12,"column":4},"end":{"line":12,"column":44}},"4":{"start":{"line":15,"column":0},"end":{"line":15,"column":62}},"5":{"start":{"line":16,"column":0},"end":{"line":16,"column":62}},"6":{"start":{"line":17,"column":0},"end":{"line":17,"column":73}},"7":{"start":{"line":18,"column":0},"end":{"line":18,"column":79}},"8":{"start":{"line":19,"column":0},"end":{"line":19,"column":67}},"9":{"start":{"line":22,"column":0},"end":{"line":22,"column":68}},"10":{"start":{"line":23,"column":0},"end":{"line":23,"column":76}},"11":{"start":{"line":25,"column":0},"end":{"line":25,"column":24}}},"fnMap":{},"branchMap":{},"s":{"0":2,"1":2,"2":2,"3":2,"4":2,"5":2,"6":2,"7":2,"8":2,"9":2,"10":2,"11":2},"f":{},"b":{},"_coverageSchema":"1a1c01bbd47fc00a2c39e90264f33305004495a9","hash":"0080c99b94444ff8e0777d385f40e86807cf62d2"}
}
