TN:
SF:src\config\db.js
FNF:0
FNH:0
DA:1,6
DA:2,6
DA:4,6
LF:3
LH:3
BRF:0
BRH:0
end_of_record
TN:
SF:src\controllers\authController.js
FN:5,(anonymous_0)
FN:11,(anonymous_1)
FN:57,(anonymous_2)
FNF:3
FNH:3
FNDA:35,(anonymous_0)
FNDA:35,(anonymous_1)
FNDA:9,(anonymous_2)
DA:1,3
DA:2,3
DA:3,3
DA:5,3
DA:6,35
DA:8,35
DA:9,35
DA:11,35
DA:12,35
DA:20,34
DA:21,11
DA:28,23
DA:29,11
DA:35,12
DA:36,12
DA:44,34
DA:47,34
DA:50,1
DA:51,1
DA:53,0
DA:57,3
DA:58,9
DA:60,9
DA:61,9
DA:70,9
DA:72,8
DA:73,8
DA:75,7
DA:77,6
DA:78,6
DA:79,4
DA:80,2
DA:82,6
DA:88,6
DA:99,0
DA:103,3
LF:36
LH:34
BRDA:20,0,0,11
BRDA:20,0,1,23
BRDA:28,1,0,11
BRDA:28,1,1,12
BRDA:35,2,0,12
BRDA:35,2,1,0
BRDA:50,3,0,1
BRDA:50,3,1,0
BRDA:70,4,0,1
BRDA:70,4,1,8
BRDA:73,5,0,1
BRDA:73,5,1,7
BRDA:75,6,0,1
BRDA:75,6,1,6
BRDA:78,7,0,2
BRDA:78,7,1,4
BRDA:79,8,0,2
BRDA:79,8,1,2
BRDA:80,9,0,2
BRDA:80,9,1,0
BRF:20
BRH:17
end_of_record
TN:
SF:src\controllers\siswaController.js
FN:4,(anonymous_0)
FN:27,(anonymous_1)
FN:93,(anonymous_2)
FN:128,(anonymous_3)
FN:132,(anonymous_4)
FN:132,(anonymous_5)
FN:170,(anonymous_6)
FN:206,(anonymous_7)
FNF:8
FNH:6
FNDA:2,(anonymous_0)
FNDA:4,(anonymous_1)
FNDA:7,(anonymous_2)
FNDA:6,(anonymous_3)
FNDA:0,(anonymous_4)
FNDA:0,(anonymous_5)
FNDA:3,(anonymous_6)
FNDA:3,(anonymous_7)
DA:1,2
DA:4,2
DA:5,2
DA:7,2
DA:8,2
DA:9,2
DA:11,2
DA:20,2
DA:22,0
DA:27,2
DA:28,4
DA:29,4
DA:31,4
DA:32,4
DA:33,4
DA:35,4
DA:43,4
DA:46,4
DA:47,1
DA:51,3
DA:52,3
DA:53,0
DA:55,3
DA:56,0
DA:60,3
DA:82,3
DA:88,0
DA:93,2
DA:94,7
DA:95,7
DA:97,7
DA:98,7
DA:99,7
DA:102,7
DA:110,7
DA:111,0
DA:115,7
DA:120,7
DA:122,7
DA:123,7
DA:126,7
DA:127,5
DA:128,6
DA:129,3
DA:130,2
DA:131,0
DA:132,0
DA:133,0
DA:137,5
DA:142,5
DA:143,0
DA:152,5
DA:163,5
DA:165,2
DA:170,2
DA:171,3
DA:172,3
DA:174,3
DA:175,3
DA:176,3
DA:178,3
DA:186,3
DA:187,1
DA:191,2
DA:199,2
DA:201,0
DA:206,2
DA:207,3
DA:208,3
DA:210,3
DA:211,3
DA:212,3
DA:214,3
DA:235,3
DA:236,1
DA:239,2
DA:241,0
DA:245,2
LF:78
LH:67
BRDA:9,0,0,0
BRDA:9,0,1,2
BRDA:33,1,0,0
BRDA:33,1,1,4
BRDA:43,2,0,0
BRDA:43,2,1,4
BRDA:46,3,0,1
BRDA:46,3,1,3
BRDA:52,4,0,0
BRDA:52,4,1,3
BRDA:55,5,0,0
BRDA:55,5,1,3
BRDA:99,6,0,0
BRDA:99,6,1,7
BRDA:110,7,0,0
BRDA:110,7,1,7
BRDA:120,8,0,0
BRDA:120,8,1,7
BRDA:126,9,0,5
BRDA:126,9,1,2
BRDA:126,10,0,7
BRDA:126,10,1,5
BRDA:129,11,0,3
BRDA:129,11,1,3
BRDA:130,12,0,0
BRDA:130,12,1,2
BRDA:130,13,0,2
BRDA:130,13,1,0
BRDA:142,14,0,0
BRDA:142,14,1,5
BRDA:146,15,0,0
BRDA:146,15,1,0
BRDA:147,16,0,0
BRDA:147,16,1,0
BRDA:156,17,0,5
BRDA:156,17,1,3
BRDA:157,18,0,5
BRDA:157,18,1,2
BRDA:176,19,0,0
BRDA:176,19,1,3
BRDA:186,20,0,1
BRDA:186,20,1,2
BRDA:212,21,0,0
BRDA:212,21,1,3
BRDA:235,22,0,1
BRDA:235,22,1,2
BRF:46
BRH:29
end_of_record
TN:
SF:src\controllers\soalController.js
FN:4,(anonymous_0)
FN:13,(anonymous_1)
FN:31,(anonymous_2)
FN:50,(anonymous_3)
FN:79,(anonymous_4)
FN:97,(anonymous_5)
FN:112,(anonymous_6)
FN:133,(anonymous_7)
FN:152,(anonymous_8)
FNF:9
FNH:8
FNDA:28,(anonymous_0)
FNDA:28,(anonymous_1)
FNDA:16,(anonymous_2)
FNDA:5,(anonymous_3)
FNDA:5,(anonymous_4)
FNDA:2,(anonymous_5)
FNDA:1,(anonymous_6)
FNDA:0,(anonymous_7)
FNDA:2,(anonymous_8)
DA:1,4
DA:4,4
DA:5,28
DA:6,28
DA:8,28
DA:10,28
DA:11,28
DA:13,28
DA:15,28
DA:29,28
DA:30,5
DA:31,16
DA:40,28
DA:43,28
DA:45,0
DA:50,4
DA:51,5
DA:52,5
DA:54,5
DA:55,5
DA:56,5
DA:58,5
DA:59,5
DA:60,5
DA:61,5
DA:62,5
DA:64,5
DA:72,5
DA:74,0
DA:79,4
DA:80,5
DA:82,5
DA:83,5
DA:88,5
DA:90,3
DA:92,0
DA:97,4
DA:98,2
DA:99,2
DA:100,2
DA:102,2
DA:103,2
DA:104,2
DA:107,2
DA:110,2
DA:112,1
DA:114,1
DA:127,1
DA:129,0
DA:132,0
DA:133,0
DA:142,1
DA:145,1
DA:147,0
DA:152,4
DA:153,2
DA:154,2
DA:156,2
DA:157,2
DA:158,2
DA:161,2
DA:164,2
DA:166,1
DA:168,1
DA:170,0
DA:174,4
LF:66
LH:58
BRDA:11,0,0,0
BRDA:11,0,1,28
BRDA:21,1,0,28
BRDA:21,1,1,8
BRDA:22,2,0,28
BRDA:22,2,1,28
BRDA:23,3,0,28
BRDA:23,3,1,27
BRDA:29,4,0,5
BRDA:29,4,1,23
BRDA:29,5,0,28
BRDA:29,5,1,5
BRDA:29,5,2,5
BRDA:35,6,0,16
BRDA:35,6,1,11
BRDA:56,7,0,0
BRDA:56,7,1,5
BRDA:59,8,0,2
BRDA:59,8,1,3
BRDA:60,9,0,2
BRDA:60,9,1,3
BRDA:61,10,0,2
BRDA:61,10,1,3
BRDA:62,11,0,0
BRDA:62,11,1,5
BRDA:88,12,0,2
BRDA:88,12,1,3
BRDA:104,13,0,0
BRDA:104,13,1,2
BRDA:110,14,0,1
BRDA:110,14,1,1
BRDA:117,15,0,1
BRDA:117,15,1,0
BRDA:118,16,0,1
BRDA:118,16,1,0
BRDA:119,17,0,1
BRDA:119,17,1,1
BRDA:120,18,0,0
BRDA:120,18,1,1
BRDA:121,19,0,0
BRDA:121,19,1,1
BRDA:122,20,0,0
BRDA:122,20,1,1
BRDA:127,21,0,0
BRDA:127,21,1,1
BRDA:127,22,0,1
BRDA:127,22,1,0
BRDA:137,23,0,0
BRDA:137,23,1,0
BRDA:158,24,0,0
BRDA:158,24,1,2
BRDA:164,25,0,1
BRDA:164,25,1,1
BRF:53
BRH:39
end_of_record
TN:
SF:src\controllers\ujianController.js
FN:4,(anonymous_0)
FN:42,(anonymous_1)
FN:69,(anonymous_2)
FN:102,(anonymous_3)
FN:140,(anonymous_4)
FN:163,(anonymous_5)
FN:193,(anonymous_6)
FN:220,(anonymous_7)
FN:245,(anonymous_8)
FNF:9
FNH:9
FNDA:11,(anonymous_0)
FNDA:1,(anonymous_1)
FNDA:2,(anonymous_2)
FNDA:1,(anonymous_3)
FNDA:1,(anonymous_4)
FNDA:5,(anonymous_5)
FNDA:1,(anonymous_6)
FNDA:2,(anonymous_7)
FNDA:2,(anonymous_8)
DA:1,3
DA:4,3
DA:14,11
DA:15,11
DA:17,11
DA:18,11
DA:19,11
DA:21,11
DA:35,11
DA:37,0
DA:42,3
DA:43,1
DA:45,1
DA:46,1
DA:47,1
DA:49,1
DA:62,1
DA:64,0
DA:69,3
DA:70,2
DA:72,2
DA:73,2
DA:93,2
DA:95,1
DA:97,0
DA:102,3
DA:103,1
DA:104,1
DA:105,1
DA:107,1
DA:108,1
DA:109,1
DA:112,1
DA:115,1
DA:118,1
DA:119,1
DA:120,1
DA:121,1
DA:122,1
DA:123,1
DA:124,1
DA:125,1
DA:126,1
DA:128,1
DA:133,1
DA:135,0
DA:140,3
DA:141,1
DA:142,1
DA:144,1
DA:145,1
DA:146,1
DA:149,1
DA:152,1
DA:154,1
DA:156,1
DA:158,0
DA:163,3
DA:164,5
DA:165,5
DA:167,5
DA:168,5
DA:169,5
DA:172,5
DA:175,5
DA:177,5
DA:186,5
DA:188,0
DA:193,3
DA:194,1
DA:195,1
DA:197,1
DA:198,1
DA:199,1
DA:202,1
DA:207,1
DA:208,0
DA:211,1
DA:213,1
DA:215,0
DA:220,3
DA:221,2
DA:222,2
DA:224,2
DA:225,2
DA:226,2
DA:229,2
DA:232,2
DA:235,2
DA:236,2
DA:238,2
DA:240,2
DA:241,0
DA:245,2
DA:250,2
DA:255,2
DA:260,0
DA:264,3
LF:98
LH:88
BRDA:19,0,0,0
BRDA:19,0,1,11
BRDA:26,1,0,11
BRDA:26,1,1,6
BRDA:30,2,0,11
BRDA:30,2,1,10
BRDA:47,3,0,0
BRDA:47,3,1,1
BRDA:93,4,0,1
BRDA:93,4,1,1
BRDA:109,5,0,0
BRDA:109,5,1,1
BRDA:115,6,0,0
BRDA:115,6,1,1
BRDA:119,7,0,1
BRDA:119,7,1,0
BRDA:120,8,0,0
BRDA:120,8,1,1
BRDA:121,9,0,0
BRDA:121,9,1,1
BRDA:122,10,0,0
BRDA:122,10,1,1
BRDA:123,11,0,0
BRDA:123,11,1,1
BRDA:124,12,0,0
BRDA:124,12,1,1
BRDA:125,13,0,1
BRDA:125,13,1,0
BRDA:126,14,0,0
BRDA:126,14,1,1
BRDA:146,15,0,0
BRDA:146,15,1,1
BRDA:152,16,0,0
BRDA:152,16,1,1
BRDA:169,17,0,0
BRDA:169,17,1,5
BRDA:175,18,0,0
BRDA:175,18,1,5
BRDA:199,19,0,0
BRDA:199,19,1,1
BRDA:207,20,0,0
BRDA:207,20,1,1
BRDA:207,21,0,1
BRDA:207,21,1,1
BRDA:226,22,0,0
BRDA:226,22,1,2
BRDA:232,23,0,0
BRDA:232,23,1,2
BRDA:236,24,0,2
BRDA:236,24,1,0
BRDA:240,25,0,0
BRDA:240,25,1,2
BRF:52
BRH:30
end_of_record
TN:
SF:src\controllers\userController.js
FN:5,(anonymous_0)
FN:30,(anonymous_1)
FN:36,(anonymous_2)
FN:85,(anonymous_3)
FN:107,(anonymous_4)
FN:144,(anonymous_5)
FN:166,(anonymous_6)
FN:182,(anonymous_7)
FN:224,(anonymous_8)
FN:255,(anonymous_9)
FNF:10
FNH:10
FNDA:3,(anonymous_0)
FNDA:1,(anonymous_1)
FNDA:1,(anonymous_2)
FNDA:1,(anonymous_3)
FNDA:1,(anonymous_4)
FNDA:1,(anonymous_5)
FNDA:1,(anonymous_6)
FNDA:4,(anonymous_7)
FNDA:4,(anonymous_8)
FNDA:12,(anonymous_9)
DA:1,2
DA:2,2
DA:5,2
DA:6,3
DA:8,3
DA:9,3
DA:10,3
DA:11,3
DA:13,3
DA:23,3
DA:25,0
DA:30,2
DA:31,1
DA:33,1
DA:34,1
DA:36,1
DA:37,1
DA:45,1
DA:46,0
DA:55,1
DA:56,0
DA:62,1
DA:63,1
DA:71,1
DA:74,1
DA:77,0
DA:78,0
DA:80,0
DA:85,2
DA:86,1
DA:87,1
DA:89,1
DA:91,1
DA:92,0
DA:95,1
DA:100,1
DA:103,1
DA:104,0
DA:107,1
DA:109,1
DA:110,1
DA:111,1
DA:114,1
DA:120,1
DA:121,1
DA:122,0
DA:123,0
DA:124,0
DA:125,0
DA:137,1
DA:139,0
DA:144,2
DA:145,1
DA:147,1
DA:148,1
DA:149,1
DA:151,1
DA:156,1
DA:161,0
DA:166,2
DA:167,1
DA:169,1
DA:170,1
DA:171,1
DA:173,1
DA:175,1
DA:177,0
DA:182,2
DA:183,4
DA:185,4
DA:187,4
DA:188,2
DA:191,2
DA:205,2
DA:208,2
DA:209,0
DA:212,2
DA:217,2
DA:219,0
DA:224,2
DA:225,4
DA:227,4
DA:228,4
DA:243,4
DA:246,4
DA:247,0
DA:251,4
DA:252,4
DA:254,4
DA:255,12
DA:256,7
DA:258,7
DA:259,7
DA:262,7
DA:264,4
DA:265,4
DA:269,3
DA:270,3
DA:276,4
DA:279,4
DA:283,4
DA:284,0
DA:289,4
DA:298,4
DA:303,4
DA:308,0
DA:312,2
LF:107
LH:87
BRDA:10,0,0,1
BRDA:10,0,1,2
BRDA:11,1,0,1
BRDA:11,1,1,2
BRDA:45,2,0,0
BRDA:45,2,1,1
BRDA:55,3,0,0
BRDA:55,3,1,1
BRDA:62,4,0,1
BRDA:62,4,1,0
BRDA:77,5,0,0
BRDA:77,5,1,0
BRDA:91,6,0,0
BRDA:91,6,1,1
BRDA:100,7,0,0
BRDA:100,7,1,1
BRDA:103,8,0,0
BRDA:103,8,1,1
BRDA:109,9,0,0
BRDA:109,9,1,1
BRDA:110,10,0,1
BRDA:110,10,1,0
BRDA:111,11,0,0
BRDA:111,11,1,1
BRDA:120,12,0,1
BRDA:120,12,1,0
BRDA:122,13,0,0
BRDA:122,13,1,0
BRDA:124,14,0,0
BRDA:124,14,1,0
BRDA:149,15,0,0
BRDA:149,15,1,1
BRDA:157,16,0,0
BRDA:157,16,1,1
BRDA:171,17,0,0
BRDA:171,17,1,1
BRDA:187,18,0,2
BRDA:187,18,1,2
BRDA:187,19,0,4
BRDA:187,19,1,3
BRDA:205,20,0,0
BRDA:205,20,1,2
BRDA:208,21,0,0
BRDA:208,21,1,2
BRDA:243,22,0,0
BRDA:243,22,1,4
BRDA:246,23,0,0
BRDA:246,23,1,4
BRDA:256,24,0,0
BRDA:256,24,1,7
BRDA:262,25,0,4
BRDA:262,25,1,3
BRDA:264,26,0,4
BRDA:264,26,1,0
BRDA:269,27,0,3
BRDA:269,27,1,0
BRDA:276,28,0,4
BRDA:276,28,1,0
BRDA:283,29,0,0
BRDA:283,29,1,4
BRF:60
BRH:32
end_of_record
TN:
SF:src\middlewares\authMiddleware.js
FN:4,(anonymous_0)
FN:21,(anonymous_1)
FN:22,(anonymous_2)
FNF:3
FNH:3
FNDA:118,(anonymous_0)
FNDA:29,(anonymous_1)
FNDA:120,(anonymous_2)
DA:1,6
DA:4,6
DA:5,118
DA:7,118
DA:8,3
DA:11,115
DA:12,115
DA:13,113
DA:14,113
DA:16,2
DA:21,6
DA:22,29
DA:23,120
DA:24,1
DA:27,119
DA:28,13
DA:31,106
DA:35,6
LF:18
LH:18
BRDA:7,0,0,3
BRDA:7,0,1,115
BRDA:23,1,0,1
BRDA:23,1,1,119
BRDA:27,2,0,13
BRDA:27,2,1,106
BRF:6
BRH:6
end_of_record
TN:
SF:src\middlewares\validationMiddleware.js
FN:20,(anonymous_0)
FN:26,(anonymous_1)
FNF:2
FNH:2
FNDA:52,(anonymous_0)
FNDA:11,(anonymous_1)
DA:1,4
DA:3,4
DA:15,4
DA:20,4
DA:21,52
DA:22,52
DA:23,39
DA:26,4
DA:27,11
DA:28,11
DA:29,9
DA:32,4
LF:12
LH:12
BRDA:22,0,0,13
BRDA:22,0,1,39
BRDA:28,1,0,2
BRDA:28,1,1,9
BRF:4
BRH:4
end_of_record
TN:
SF:src\routes\authRoutes.js
FNF:0
FNH:0
DA:1,3
DA:2,3
DA:3,3
DA:4,3
DA:7,3
DA:10,3
DA:12,3
LF:7
LH:7
BRF:0
BRH:0
end_of_record
TN:
SF:src\routes\siswaRoutes.js
FNF:0
FNH:0
DA:1,2
DA:2,2
DA:3,2
DA:10,2
DA:13,2
DA:15,2
DA:16,2
DA:17,2
DA:18,2
DA:19,2
DA:21,2
LF:11
LH:11
BRF:0
BRH:0
end_of_record
TN:
SF:src\routes\soalRoutes.js
FNF:0
FNH:0
DA:1,4
DA:2,4
DA:3,4
DA:10,4
DA:13,4
DA:15,4
DA:16,4
DA:17,4
DA:18,4
DA:19,4
DA:21,4
LF:11
LH:11
BRF:0
BRH:0
end_of_record
TN:
SF:src\routes\ujianRoutes.js
FNF:0
FNH:0
DA:1,3
DA:2,3
DA:3,3
DA:13,3
DA:16,3
DA:18,3
DA:19,3
DA:20,3
DA:21,3
DA:22,3
DA:25,3
DA:26,3
DA:27,3
DA:29,3
LF:14
LH:14
BRF:0
BRH:0
end_of_record
TN:
SF:src\routes\userRoutes.js
FNF:0
FNH:0
DA:1,2
DA:2,2
DA:3,2
DA:12,2
DA:15,2
DA:16,2
DA:17,2
DA:18,2
DA:19,2
DA:22,2
DA:23,2
DA:25,2
LF:12
LH:12
BRF:0
BRH:0
end_of_record
